{"/Users/ashika/Documents/SOW Creator/src/components/atoms/Avatar/Avatar.tsx": {"path":"/Users/ashika/Documents/SOW Creator/src/components/atoms/Avatar/Avatar.tsx","all":false,"statementMap":{"6":{"start":{"line":7,"column":0},"end":{"line":7,"column":39}},"9":{"start":{"line":10,"column":0},"end":{"line":10,"column":47}},"10":{"start":{"line":11,"column":0},"end":{"line":11,"column":6}},"11":{"start":{"line":12,"column":0},"end":{"line":12,"column":22}},"12":{"start":{"line":13,"column":0},"end":{"line":13,"column":17}},"13":{"start":{"line":14,"column":0},"end":{"line":14,"column":14}},"14":{"start":{"line":15,"column":0},"end":{"line":15,"column":17}},"15":{"start":{"line":16,"column":0},"end":{"line":16,"column":10}},"16":{"start":{"line":17,"column":0},"end":{"line":17,"column":7}},"17":{"start":{"line":18,"column":0},"end":{"line":18,"column":53}},"19":{"start":{"line":20,"column":0},"end":{"line":20,"column":31}},"20":{"start":{"line":21,"column":0},"end":{"line":21,"column":19}},"21":{"start":{"line":22,"column":0},"end":{"line":22,"column":16}},"22":{"start":{"line":23,"column":0},"end":{"line":23,"column":32}},"23":{"start":{"line":24,"column":0},"end":{"line":24,"column":16}},"24":{"start":{"line":25,"column":0},"end":{"line":25,"column":36}},"25":{"start":{"line":26,"column":0},"end":{"line":26,"column":16}},"26":{"start":{"line":27,"column":0},"end":{"line":27,"column":14}},"27":{"start":{"line":28,"column":0},"end":{"line":28,"column":34}},"28":{"start":{"line":29,"column":0},"end":{"line":29,"column":5}},"29":{"start":{"line":30,"column":0},"end":{"line":30,"column":3}},"31":{"start":{"line":32,"column":0},"end":{"line":32,"column":38}},"33":{"start":{"line":34,"column":0},"end":{"line":34,"column":10}},"34":{"start":{"line":35,"column":0},"end":{"line":35,"column":8}},"35":{"start":{"line":36,"column":0},"end":{"line":36,"column":243}},"36":{"start":{"line":37,"column":0},"end":{"line":37,"column":16}},"38":{"start":{"line":39,"column":0},"end":{"line":39,"column":20}},"39":{"start":{"line":40,"column":0},"end":{"line":40,"column":12}},"40":{"start":{"line":41,"column":0},"end":{"line":41,"column":19}},"41":{"start":{"line":42,"column":0},"end":{"line":42,"column":19}},"42":{"start":{"line":43,"column":0},"end":{"line":43,"column":45}},"43":{"start":{"line":44,"column":0},"end":{"line":44,"column":48}},"44":{"start":{"line":45,"column":0},"end":{"line":45,"column":10}},"46":{"start":{"line":47,"column":0},"end":{"line":47,"column":47}},"48":{"start":{"line":49,"column":0},"end":{"line":49,"column":10}},"50":{"start":{"line":51,"column":0},"end":{"line":51,"column":1}}},"s":{"6":1,"9":1,"10":6,"11":6,"12":6,"13":6,"14":6,"15":6,"16":6,"17":6,"19":6,"20":6,"21":6,"22":2,"23":6,"24":0,"25":6,"26":6,"27":4,"28":6,"29":6,"31":6,"33":6,"34":6,"35":6,"36":6,"38":6,"39":2,"40":2,"41":2,"42":2,"43":2,"44":2,"46":4,"48":6,"50":6},"branchMap":{"0":{"type":"branch","line":10,"loc":{"start":{"line":10,"column":45},"end":{"line":51,"column":1}},"locations":[{"start":{"line":10,"column":45},"end":{"line":51,"column":1}}]},"1":{"type":"branch","line":32,"loc":{"start":{"line":32,"column":20},"end":{"line":32,"column":38}},"locations":[{"start":{"line":32,"column":20},"end":{"line":32,"column":38}}]},"2":{"type":"branch","line":39,"loc":{"start":{"line":39,"column":7},"end":{"line":45,"column":10}},"locations":[{"start":{"line":39,"column":7},"end":{"line":45,"column":10}}]},"3":{"type":"branch","line":45,"loc":{"start":{"line":45,"column":8},"end":{"line":47,"column":47}},"locations":[{"start":{"line":45,"column":8},"end":{"line":47,"column":47}}]},"4":{"type":"branch","line":20,"loc":{"start":{"line":20,"column":24},"end":{"line":30,"column":3}},"locations":[{"start":{"line":20,"column":24},"end":{"line":30,"column":3}}]},"5":{"type":"branch","line":22,"loc":{"start":{"line":22,"column":6},"end":{"line":23,"column":32}},"locations":[{"start":{"line":22,"column":6},"end":{"line":23,"column":32}}]},"6":{"type":"branch","line":24,"loc":{"start":{"line":24,"column":6},"end":{"line":25,"column":36}},"locations":[{"start":{"line":24,"column":6},"end":{"line":25,"column":36}}]},"7":{"type":"branch","line":26,"loc":{"start":{"line":26,"column":6},"end":{"line":26,"column":16}},"locations":[{"start":{"line":26,"column":6},"end":{"line":26,"column":16}}]},"8":{"type":"branch","line":27,"loc":{"start":{"line":27,"column":6},"end":{"line":28,"column":34}},"locations":[{"start":{"line":27,"column":6},"end":{"line":28,"column":34}}]},"9":{"type":"branch","line":43,"loc":{"start":{"line":43,"column":19},"end":{"line":43,"column":45}},"locations":[{"start":{"line":43,"column":19},"end":{"line":43,"column":45}}]}},"b":{"0":[6],"1":[3],"2":[2],"3":[4],"4":[6],"5":[2],"6":[0],"7":[4],"8":[4],"9":[1]},"fnMap":{"0":{"name":"Avatar","decl":{"start":{"line":10,"column":45},"end":{"line":51,"column":1}},"loc":{"start":{"line":10,"column":45},"end":{"line":51,"column":1}},"line":10},"1":{"name":"getSizeStyles","decl":{"start":{"line":20,"column":24},"end":{"line":30,"column":3}},"loc":{"start":{"line":20,"column":24},"end":{"line":30,"column":3}},"line":20},"2":{"name":"onError","decl":{"start":{"line":43,"column":19},"end":{"line":43,"column":45}},"loc":{"start":{"line":43,"column":19},"end":{"line":43,"column":45}},"line":43}},"f":{"0":6,"1":6,"2":1}}
,"/Users/ashika/Documents/SOW Creator/src/components/atoms/Badge/Badge.tsx": {"path":"/Users/ashika/Documents/SOW Creator/src/components/atoms/Badge/Badge.tsx","all":false,"statementMap":{"9":{"start":{"line":10,"column":0},"end":{"line":10,"column":45}},"10":{"start":{"line":11,"column":0},"end":{"line":11,"column":22}},"11":{"start":{"line":12,"column":0},"end":{"line":12,"column":11}},"12":{"start":{"line":13,"column":0},"end":{"line":13,"column":17}},"13":{"start":{"line":14,"column":0},"end":{"line":14,"column":10}},"14":{"start":{"line":15,"column":0},"end":{"line":15,"column":7}},"15":{"start":{"line":16,"column":0},"end":{"line":16,"column":34}},"16":{"start":{"line":17,"column":0},"end":{"line":17,"column":22}},"17":{"start":{"line":18,"column":0},"end":{"line":18,"column":21}},"18":{"start":{"line":19,"column":0},"end":{"line":19,"column":118}},"19":{"start":{"line":20,"column":0},"end":{"line":20,"column":21}},"20":{"start":{"line":21,"column":0},"end":{"line":21,"column":118}},"21":{"start":{"line":22,"column":0},"end":{"line":22,"column":19}},"22":{"start":{"line":23,"column":0},"end":{"line":23,"column":112}},"23":{"start":{"line":24,"column":0},"end":{"line":24,"column":18}},"24":{"start":{"line":25,"column":0},"end":{"line":25,"column":109}},"25":{"start":{"line":26,"column":0},"end":{"line":26,"column":21}},"26":{"start":{"line":27,"column":0},"end":{"line":27,"column":14}},"27":{"start":{"line":28,"column":0},"end":{"line":28,"column":99}},"28":{"start":{"line":29,"column":0},"end":{"line":29,"column":5}},"29":{"start":{"line":30,"column":0},"end":{"line":30,"column":3}},"31":{"start":{"line":32,"column":0},"end":{"line":32,"column":10}},"32":{"start":{"line":33,"column":0},"end":{"line":33,"column":9}},"33":{"start":{"line":34,"column":0},"end":{"line":34,"column":135}},"34":{"start":{"line":35,"column":0},"end":{"line":35,"column":16}},"36":{"start":{"line":37,"column":0},"end":{"line":37,"column":16}},"37":{"start":{"line":38,"column":0},"end":{"line":38,"column":11}},"39":{"start":{"line":40,"column":0},"end":{"line":40,"column":1}}},"s":{"9":1,"10":6,"11":6,"12":6,"13":6,"14":6,"15":6,"16":6,"17":6,"18":2,"19":6,"20":1,"21":6,"22":1,"23":6,"24":1,"25":6,"26":6,"27":1,"28":6,"29":6,"31":6,"32":6,"33":6,"34":6,"36":6,"37":6,"39":6},"branchMap":{"0":{"type":"branch","line":10,"loc":{"start":{"line":10,"column":43},"end":{"line":40,"column":1}},"locations":[{"start":{"line":10,"column":43},"end":{"line":40,"column":1}}]},"1":{"type":"branch","line":16,"loc":{"start":{"line":16,"column":27},"end":{"line":30,"column":3}},"locations":[{"start":{"line":16,"column":27},"end":{"line":30,"column":3}}]},"2":{"type":"branch","line":18,"loc":{"start":{"line":18,"column":6},"end":{"line":19,"column":118}},"locations":[{"start":{"line":18,"column":6},"end":{"line":19,"column":118}}]},"3":{"type":"branch","line":20,"loc":{"start":{"line":20,"column":6},"end":{"line":21,"column":118}},"locations":[{"start":{"line":20,"column":6},"end":{"line":21,"column":118}}]},"4":{"type":"branch","line":22,"loc":{"start":{"line":22,"column":6},"end":{"line":23,"column":112}},"locations":[{"start":{"line":22,"column":6},"end":{"line":23,"column":112}}]},"5":{"type":"branch","line":24,"loc":{"start":{"line":24,"column":6},"end":{"line":25,"column":109}},"locations":[{"start":{"line":24,"column":6},"end":{"line":25,"column":109}}]},"6":{"type":"branch","line":26,"loc":{"start":{"line":26,"column":6},"end":{"line":26,"column":21}},"locations":[{"start":{"line":26,"column":6},"end":{"line":26,"column":21}}]},"7":{"type":"branch","line":27,"loc":{"start":{"line":27,"column":6},"end":{"line":28,"column":99}},"locations":[{"start":{"line":27,"column":6},"end":{"line":28,"column":99}}]}},"b":{"0":[6],"1":[6],"2":[2],"3":[1],"4":[1],"5":[1],"6":[1],"7":[1]},"fnMap":{"0":{"name":"Badge","decl":{"start":{"line":10,"column":43},"end":{"line":40,"column":1}},"loc":{"start":{"line":10,"column":43},"end":{"line":40,"column":1}},"line":10},"1":{"name":"getVariantStyles","decl":{"start":{"line":16,"column":27},"end":{"line":30,"column":3}},"loc":{"start":{"line":16,"column":27},"end":{"line":30,"column":3}},"line":16}},"f":{"0":6,"1":6}}
,"/Users/ashika/Documents/SOW Creator/src/components/atoms/Button/Button.tsx": {"path":"/Users/ashika/Documents/SOW Creator/src/components/atoms/Button/Button.tsx","all":false,"statementMap":{"9":{"start":{"line":10,"column":0},"end":{"line":10,"column":47}},"10":{"start":{"line":11,"column":0},"end":{"line":11,"column":22}},"11":{"start":{"line":12,"column":0},"end":{"line":12,"column":14}},"12":{"start":{"line":13,"column":0},"end":{"line":13,"column":20}},"13":{"start":{"line":14,"column":0},"end":{"line":14,"column":11}},"14":{"start":{"line":15,"column":0},"end":{"line":15,"column":11}},"15":{"start":{"line":16,"column":0},"end":{"line":16,"column":17}},"16":{"start":{"line":17,"column":0},"end":{"line":17,"column":10}},"17":{"start":{"line":18,"column":0},"end":{"line":18,"column":7}},"18":{"start":{"line":19,"column":0},"end":{"line":19,"column":34}},"19":{"start":{"line":20,"column":0},"end":{"line":20,"column":22}},"20":{"start":{"line":21,"column":0},"end":{"line":21,"column":23}},"21":{"start":{"line":22,"column":0},"end":{"line":22,"column":133}},"22":{"start":{"line":23,"column":0},"end":{"line":23,"column":25}},"23":{"start":{"line":24,"column":0},"end":{"line":24,"column":142}},"24":{"start":{"line":25,"column":0},"end":{"line":25,"column":19}},"25":{"start":{"line":26,"column":0},"end":{"line":26,"column":85}},"26":{"start":{"line":27,"column":0},"end":{"line":27,"column":21}},"27":{"start":{"line":28,"column":0},"end":{"line":28,"column":14}},"28":{"start":{"line":29,"column":0},"end":{"line":29,"column":175}},"29":{"start":{"line":30,"column":0},"end":{"line":30,"column":5}},"30":{"start":{"line":31,"column":0},"end":{"line":31,"column":3}},"32":{"start":{"line":33,"column":0},"end":{"line":33,"column":31}},"33":{"start":{"line":34,"column":0},"end":{"line":34,"column":19}},"34":{"start":{"line":35,"column":0},"end":{"line":35,"column":16}},"35":{"start":{"line":36,"column":0},"end":{"line":36,"column":33}},"36":{"start":{"line":37,"column":0},"end":{"line":37,"column":16}},"37":{"start":{"line":38,"column":0},"end":{"line":38,"column":36}},"38":{"start":{"line":39,"column":0},"end":{"line":39,"column":16}},"39":{"start":{"line":40,"column":0},"end":{"line":40,"column":14}},"40":{"start":{"line":41,"column":0},"end":{"line":41,"column":34}},"41":{"start":{"line":42,"column":0},"end":{"line":42,"column":5}},"42":{"start":{"line":43,"column":0},"end":{"line":43,"column":3}},"44":{"start":{"line":45,"column":0},"end":{"line":45,"column":10}},"45":{"start":{"line":46,"column":0},"end":{"line":46,"column":11}},"46":{"start":{"line":47,"column":0},"end":{"line":47,"column":38}},"47":{"start":{"line":48,"column":0},"end":{"line":48,"column":283}},"48":{"start":{"line":49,"column":0},"end":{"line":49,"column":16}},"50":{"start":{"line":51,"column":0},"end":{"line":51,"column":20}},"51":{"start":{"line":52,"column":0},"end":{"line":52,"column":154}},"52":{"start":{"line":53,"column":0},"end":{"line":53,"column":15}},"53":{"start":{"line":54,"column":0},"end":{"line":54,"column":16}},"54":{"start":{"line":55,"column":0},"end":{"line":55,"column":13}},"56":{"start":{"line":57,"column":0},"end":{"line":57,"column":1}}},"s":{"9":1,"10":85,"11":85,"12":85,"13":85,"14":85,"15":85,"16":85,"17":85,"18":85,"19":85,"20":85,"21":31,"22":85,"23":9,"24":85,"25":6,"26":85,"27":85,"28":39,"29":85,"30":85,"32":85,"33":85,"34":85,"35":43,"36":85,"37":1,"38":85,"39":85,"40":41,"41":85,"42":85,"44":85,"45":85,"46":85,"47":85,"48":85,"50":85,"51":1,"52":84,"53":85,"54":85,"56":85},"branchMap":{"0":{"type":"branch","line":10,"loc":{"start":{"line":10,"column":45},"end":{"line":57,"column":1}},"locations":[{"start":{"line":10,"column":45},"end":{"line":57,"column":1}}]},"1":{"type":"branch","line":47,"loc":{"start":{"line":47,"column":16},"end":{"line":47,"column":38}},"locations":[{"start":{"line":47,"column":16},"end":{"line":47,"column":38}}]},"2":{"type":"branch","line":51,"loc":{"start":{"line":51,"column":7},"end":{"line":52,"column":154}},"locations":[{"start":{"line":51,"column":7},"end":{"line":52,"column":154}}]},"3":{"type":"branch","line":52,"loc":{"start":{"line":52,"column":152},"end":{"line":53,"column":15}},"locations":[{"start":{"line":52,"column":152},"end":{"line":53,"column":15}}]},"4":{"type":"branch","line":19,"loc":{"start":{"line":19,"column":27},"end":{"line":31,"column":3}},"locations":[{"start":{"line":19,"column":27},"end":{"line":31,"column":3}}]},"5":{"type":"branch","line":21,"loc":{"start":{"line":21,"column":6},"end":{"line":22,"column":133}},"locations":[{"start":{"line":21,"column":6},"end":{"line":22,"column":133}}]},"6":{"type":"branch","line":23,"loc":{"start":{"line":23,"column":6},"end":{"line":24,"column":142}},"locations":[{"start":{"line":23,"column":6},"end":{"line":24,"column":142}}]},"7":{"type":"branch","line":25,"loc":{"start":{"line":25,"column":6},"end":{"line":26,"column":85}},"locations":[{"start":{"line":25,"column":6},"end":{"line":26,"column":85}}]},"8":{"type":"branch","line":27,"loc":{"start":{"line":27,"column":6},"end":{"line":27,"column":21}},"locations":[{"start":{"line":27,"column":6},"end":{"line":27,"column":21}}]},"9":{"type":"branch","line":28,"loc":{"start":{"line":28,"column":6},"end":{"line":29,"column":175}},"locations":[{"start":{"line":28,"column":6},"end":{"line":29,"column":175}}]},"10":{"type":"branch","line":33,"loc":{"start":{"line":33,"column":24},"end":{"line":43,"column":3}},"locations":[{"start":{"line":33,"column":24},"end":{"line":43,"column":3}}]},"11":{"type":"branch","line":35,"loc":{"start":{"line":35,"column":6},"end":{"line":36,"column":33}},"locations":[{"start":{"line":35,"column":6},"end":{"line":36,"column":33}}]},"12":{"type":"branch","line":37,"loc":{"start":{"line":37,"column":6},"end":{"line":38,"column":36}},"locations":[{"start":{"line":37,"column":6},"end":{"line":38,"column":36}}]},"13":{"type":"branch","line":39,"loc":{"start":{"line":39,"column":6},"end":{"line":39,"column":16}},"locations":[{"start":{"line":39,"column":6},"end":{"line":39,"column":16}}]},"14":{"type":"branch","line":40,"loc":{"start":{"line":40,"column":6},"end":{"line":41,"column":34}},"locations":[{"start":{"line":40,"column":6},"end":{"line":41,"column":34}}]}},"b":{"0":[85],"1":[58],"2":[1],"3":[84],"4":[85],"5":[31],"6":[9],"7":[6],"8":[39],"9":[39],"10":[85],"11":[43],"12":[1],"13":[41],"14":[41]},"fnMap":{"0":{"name":"Button","decl":{"start":{"line":10,"column":45},"end":{"line":57,"column":1}},"loc":{"start":{"line":10,"column":45},"end":{"line":57,"column":1}},"line":10},"1":{"name":"getVariantStyles","decl":{"start":{"line":19,"column":27},"end":{"line":31,"column":3}},"loc":{"start":{"line":19,"column":27},"end":{"line":31,"column":3}},"line":19},"2":{"name":"getSizeStyles","decl":{"start":{"line":33,"column":24},"end":{"line":43,"column":3}},"loc":{"start":{"line":33,"column":24},"end":{"line":43,"column":3}},"line":33}},"f":{"0":85,"1":85,"2":85}}
,"/Users/ashika/Documents/SOW Creator/src/components/atoms/Icon/Icon.tsx": {"path":"/Users/ashika/Documents/SOW Creator/src/components/atoms/Icon/Icon.tsx","all":false,"statementMap":{"7":{"start":{"line":8,"column":0},"end":{"line":8,"column":8}},"25":{"start":{"line":26,"column":0},"end":{"line":26,"column":43}},"26":{"start":{"line":27,"column":0},"end":{"line":27,"column":7}},"27":{"start":{"line":28,"column":0},"end":{"line":28,"column":12}},"28":{"start":{"line":29,"column":0},"end":{"line":29,"column":17}},"29":{"start":{"line":30,"column":0},"end":{"line":30,"column":10}},"30":{"start":{"line":31,"column":0},"end":{"line":31,"column":7}},"31":{"start":{"line":32,"column":0},"end":{"line":32,"column":80}},"33":{"start":{"line":34,"column":0},"end":{"line":34,"column":31}},"34":{"start":{"line":35,"column":0},"end":{"line":35,"column":19}},"35":{"start":{"line":36,"column":0},"end":{"line":36,"column":17}},"36":{"start":{"line":37,"column":0},"end":{"line":37,"column":18}},"37":{"start":{"line":38,"column":0},"end":{"line":38,"column":18}},"38":{"start":{"line":39,"column":0},"end":{"line":39,"column":19}},"39":{"start":{"line":40,"column":0},"end":{"line":40,"column":20}},"40":{"start":{"line":41,"column":0},"end":{"line":41,"column":21}},"41":{"start":{"line":42,"column":0},"end":{"line":42,"column":20}},"42":{"start":{"line":43,"column":0},"end":{"line":43,"column":21}},"43":{"start":{"line":44,"column":0},"end":{"line":44,"column":19}},"44":{"start":{"line":45,"column":0},"end":{"line":45,"column":20}},"45":{"start":{"line":46,"column":0},"end":{"line":46,"column":19}},"46":{"start":{"line":47,"column":0},"end":{"line":47,"column":26}},"47":{"start":{"line":48,"column":0},"end":{"line":48,"column":18}},"48":{"start":{"line":49,"column":0},"end":{"line":49,"column":19}},"49":{"start":{"line":50,"column":0},"end":{"line":50,"column":19}},"50":{"start":{"line":51,"column":0},"end":{"line":51,"column":16}},"51":{"start":{"line":52,"column":0},"end":{"line":52,"column":18}},"52":{"start":{"line":53,"column":0},"end":{"line":53,"column":19}},"53":{"start":{"line":54,"column":0},"end":{"line":54,"column":22}},"54":{"start":{"line":55,"column":0},"end":{"line":55,"column":23}},"55":{"start":{"line":56,"column":0},"end":{"line":56,"column":26}},"56":{"start":{"line":57,"column":0},"end":{"line":57,"column":26}},"57":{"start":{"line":58,"column":0},"end":{"line":58,"column":27}},"58":{"start":{"line":59,"column":0},"end":{"line":59,"column":27}},"59":{"start":{"line":60,"column":0},"end":{"line":60,"column":22}},"60":{"start":{"line":61,"column":0},"end":{"line":61,"column":22}},"61":{"start":{"line":62,"column":0},"end":{"line":62,"column":24}},"62":{"start":{"line":63,"column":0},"end":{"line":63,"column":24}},"63":{"start":{"line":64,"column":0},"end":{"line":64,"column":14}},"64":{"start":{"line":65,"column":0},"end":{"line":65,"column":19}},"65":{"start":{"line":66,"column":0},"end":{"line":66,"column":5}},"66":{"start":{"line":67,"column":0},"end":{"line":67,"column":3}},"68":{"start":{"line":69,"column":0},"end":{"line":69,"column":41}},"69":{"start":{"line":70,"column":0},"end":{"line":70,"column":35}},"71":{"start":{"line":72,"column":0},"end":{"line":72,"column":10}},"72":{"start":{"line":73,"column":0},"end":{"line":73,"column":20}},"73":{"start":{"line":74,"column":0},"end":{"line":74,"column":24}},"74":{"start":{"line":75,"column":0},"end":{"line":75,"column":21}},"75":{"start":{"line":76,"column":0},"end":{"line":76,"column":45}},"76":{"start":{"line":77,"column":0},"end":{"line":77,"column":34}},"77":{"start":{"line":78,"column":0},"end":{"line":78,"column":16}},"78":{"start":{"line":79,"column":0},"end":{"line":79,"column":6}},"80":{"start":{"line":81,"column":0},"end":{"line":81,"column":1}}},"s":{"7":1,"25":1,"26":141,"27":141,"28":141,"29":141,"30":141,"31":141,"33":141,"34":141,"35":141,"36":3,"37":141,"38":3,"39":141,"40":21,"41":141,"42":30,"43":141,"44":4,"45":141,"46":3,"47":141,"48":3,"49":141,"50":7,"51":141,"52":1,"53":141,"54":1,"55":141,"56":16,"57":141,"58":16,"59":141,"60":30,"61":141,"62":2,"63":141,"64":1,"65":141,"66":141,"68":141,"69":141,"71":140,"72":140,"73":140,"74":140,"75":140,"76":140,"77":140,"78":140,"80":140},"branchMap":{"0":{"type":"branch","line":26,"loc":{"start":{"line":26,"column":41},"end":{"line":81,"column":1}},"locations":[{"start":{"line":26,"column":41},"end":{"line":81,"column":1}}]},"1":{"type":"branch","line":32,"loc":{"start":{"line":32,"column":49},"end":{"line":32,"column":80}},"locations":[{"start":{"line":32,"column":49},"end":{"line":32,"column":80}}]},"2":{"type":"branch","line":70,"loc":{"start":{"line":70,"column":24},"end":{"line":70,"column":35}},"locations":[{"start":{"line":70,"column":24},"end":{"line":70,"column":35}}]},"3":{"type":"branch","line":70,"loc":{"start":{"line":70,"column":31},"end":{"line":81,"column":1}},"locations":[{"start":{"line":70,"column":31},"end":{"line":81,"column":1}}]},"4":{"type":"branch","line":34,"loc":{"start":{"line":34,"column":24},"end":{"line":67,"column":3}},"locations":[{"start":{"line":34,"column":24},"end":{"line":67,"column":3}}]},"5":{"type":"branch","line":36,"loc":{"start":{"line":36,"column":6},"end":{"line":37,"column":18}},"locations":[{"start":{"line":36,"column":6},"end":{"line":37,"column":18}}]},"6":{"type":"branch","line":38,"loc":{"start":{"line":38,"column":6},"end":{"line":39,"column":19}},"locations":[{"start":{"line":38,"column":6},"end":{"line":39,"column":19}}]},"7":{"type":"branch","line":40,"loc":{"start":{"line":40,"column":6},"end":{"line":41,"column":21}},"locations":[{"start":{"line":40,"column":6},"end":{"line":41,"column":21}}]},"8":{"type":"branch","line":42,"loc":{"start":{"line":42,"column":6},"end":{"line":43,"column":21}},"locations":[{"start":{"line":42,"column":6},"end":{"line":43,"column":21}}]},"9":{"type":"branch","line":44,"loc":{"start":{"line":44,"column":6},"end":{"line":45,"column":20}},"locations":[{"start":{"line":44,"column":6},"end":{"line":45,"column":20}}]},"10":{"type":"branch","line":46,"loc":{"start":{"line":46,"column":6},"end":{"line":47,"column":26}},"locations":[{"start":{"line":46,"column":6},"end":{"line":47,"column":26}}]},"11":{"type":"branch","line":48,"loc":{"start":{"line":48,"column":6},"end":{"line":49,"column":19}},"locations":[{"start":{"line":48,"column":6},"end":{"line":49,"column":19}}]},"12":{"type":"branch","line":50,"loc":{"start":{"line":50,"column":6},"end":{"line":51,"column":16}},"locations":[{"start":{"line":50,"column":6},"end":{"line":51,"column":16}}]},"13":{"type":"branch","line":52,"loc":{"start":{"line":52,"column":6},"end":{"line":53,"column":19}},"locations":[{"start":{"line":52,"column":6},"end":{"line":53,"column":19}}]},"14":{"type":"branch","line":54,"loc":{"start":{"line":54,"column":6},"end":{"line":55,"column":23}},"locations":[{"start":{"line":54,"column":6},"end":{"line":55,"column":23}}]},"15":{"type":"branch","line":56,"loc":{"start":{"line":56,"column":6},"end":{"line":57,"column":26}},"locations":[{"start":{"line":56,"column":6},"end":{"line":57,"column":26}}]},"16":{"type":"branch","line":58,"loc":{"start":{"line":58,"column":6},"end":{"line":59,"column":27}},"locations":[{"start":{"line":58,"column":6},"end":{"line":59,"column":27}}]},"17":{"type":"branch","line":60,"loc":{"start":{"line":60,"column":6},"end":{"line":61,"column":22}},"locations":[{"start":{"line":60,"column":6},"end":{"line":61,"column":22}}]},"18":{"type":"branch","line":62,"loc":{"start":{"line":62,"column":6},"end":{"line":63,"column":24}},"locations":[{"start":{"line":62,"column":6},"end":{"line":63,"column":24}}]},"19":{"type":"branch","line":64,"loc":{"start":{"line":64,"column":6},"end":{"line":65,"column":19}},"locations":[{"start":{"line":64,"column":6},"end":{"line":65,"column":19}}]}},"b":{"0":[141],"1":[0],"2":[1],"3":[140],"4":[141],"5":[3],"6":[3],"7":[21],"8":[30],"9":[4],"10":[3],"11":[3],"12":[7],"13":[1],"14":[1],"15":[16],"16":[16],"17":[30],"18":[2],"19":[1]},"fnMap":{"0":{"name":"Icon","decl":{"start":{"line":26,"column":41},"end":{"line":81,"column":1}},"loc":{"start":{"line":26,"column":41},"end":{"line":81,"column":1}},"line":26},"1":{"name":"getLucideIcon","decl":{"start":{"line":34,"column":24},"end":{"line":67,"column":3}},"loc":{"start":{"line":34,"column":24},"end":{"line":67,"column":3}},"line":34}},"f":{"0":141,"1":141}}
,"/Users/ashika/Documents/SOW Creator/src/components/atoms/Input/Input.tsx": {"path":"/Users/ashika/Documents/SOW Creator/src/components/atoms/Input/Input.tsx","all":false,"statementMap":{"6":{"start":{"line":7,"column":0},"end":{"line":7,"column":25}},"9":{"start":{"line":10,"column":0},"end":{"line":10,"column":68}},"10":{"start":{"line":11,"column":0},"end":{"line":11,"column":57}},"11":{"start":{"line":12,"column":0},"end":{"line":12,"column":12}},"12":{"start":{"line":13,"column":0},"end":{"line":13,"column":12}},"13":{"start":{"line":14,"column":0},"end":{"line":14,"column":17}},"14":{"start":{"line":15,"column":0},"end":{"line":15,"column":320}},"15":{"start":{"line":16,"column":0},"end":{"line":16,"column":15}},"16":{"start":{"line":17,"column":0},"end":{"line":17,"column":91}},"17":{"start":{"line":18,"column":0},"end":{"line":18,"column":114}},"18":{"start":{"line":19,"column":0},"end":{"line":19,"column":24}},"19":{"start":{"line":20,"column":0},"end":{"line":20,"column":18}},"20":{"start":{"line":21,"column":0},"end":{"line":21,"column":8}},"22":{"start":{"line":23,"column":0},"end":{"line":23,"column":3}},"23":{"start":{"line":24,"column":0},"end":{"line":24,"column":1}},"25":{"start":{"line":26,"column":0},"end":{"line":26,"column":27}}},"s":{"6":1,"9":1,"10":1,"11":49,"12":49,"13":49,"14":49,"15":49,"16":2,"17":47,"18":49,"19":49,"20":49,"22":49,"23":1,"25":1},"branchMap":{"0":{"type":"branch","line":11,"loc":{"start":{"line":11,"column":2},"end":{"line":23,"column":3}},"locations":[{"start":{"line":11,"column":2},"end":{"line":23,"column":3}}]},"1":{"type":"branch","line":16,"loc":{"start":{"line":16,"column":10},"end":{"line":17,"column":91}},"locations":[{"start":{"line":16,"column":10},"end":{"line":17,"column":91}}]},"2":{"type":"branch","line":17,"loc":{"start":{"line":17,"column":14},"end":{"line":18,"column":114}},"locations":[{"start":{"line":17,"column":14},"end":{"line":18,"column":114}}]}},"b":{"0":[49],"1":[2],"2":[47]},"fnMap":{},"f":{}}
,"/Users/ashika/Documents/SOW Creator/src/components/atoms/Select/Select.tsx": {"path":"/Users/ashika/Documents/SOW Creator/src/components/atoms/Select/Select.tsx","all":false,"statementMap":{"6":{"start":{"line":7,"column":0},"end":{"line":7,"column":25}},"9":{"start":{"line":10,"column":0},"end":{"line":10,"column":71}},"10":{"start":{"line":11,"column":0},"end":{"line":11,"column":66}},"11":{"start":{"line":12,"column":0},"end":{"line":12,"column":12}},"12":{"start":{"line":13,"column":0},"end":{"line":13,"column":13}},"13":{"start":{"line":14,"column":0},"end":{"line":14,"column":17}},"14":{"start":{"line":15,"column":0},"end":{"line":15,"column":282}},"15":{"start":{"line":16,"column":0},"end":{"line":16,"column":15}},"16":{"start":{"line":17,"column":0},"end":{"line":17,"column":91}},"17":{"start":{"line":18,"column":0},"end":{"line":18,"column":114}},"18":{"start":{"line":19,"column":0},"end":{"line":19,"column":24}},"19":{"start":{"line":20,"column":0},"end":{"line":20,"column":18}},"21":{"start":{"line":22,"column":0},"end":{"line":22,"column":31}},"22":{"start":{"line":23,"column":0},"end":{"line":23,"column":76}},"23":{"start":{"line":24,"column":0},"end":{"line":24,"column":23}},"24":{"start":{"line":25,"column":0},"end":{"line":25,"column":19}},"25":{"start":{"line":26,"column":0},"end":{"line":26,"column":11}},"26":{"start":{"line":27,"column":0},"end":{"line":27,"column":15}},"28":{"start":{"line":29,"column":0},"end":{"line":29,"column":3}},"29":{"start":{"line":30,"column":0},"end":{"line":30,"column":1}},"31":{"start":{"line":32,"column":0},"end":{"line":32,"column":29}}},"s":{"6":1,"9":1,"10":1,"11":10,"12":10,"13":10,"14":10,"15":10,"16":1,"17":9,"18":10,"19":10,"21":10,"22":27,"23":27,"24":27,"25":10,"26":10,"28":10,"29":1,"31":1},"branchMap":{"0":{"type":"branch","line":11,"loc":{"start":{"line":11,"column":2},"end":{"line":29,"column":3}},"locations":[{"start":{"line":11,"column":2},"end":{"line":29,"column":3}}]},"1":{"type":"branch","line":16,"loc":{"start":{"line":16,"column":10},"end":{"line":17,"column":91}},"locations":[{"start":{"line":16,"column":10},"end":{"line":17,"column":91}}]},"2":{"type":"branch","line":17,"loc":{"start":{"line":17,"column":14},"end":{"line":18,"column":114}},"locations":[{"start":{"line":17,"column":14},"end":{"line":18,"column":114}}]},"3":{"type":"branch","line":22,"loc":{"start":{"line":22,"column":21},"end":{"line":25,"column":19}},"locations":[{"start":{"line":22,"column":21},"end":{"line":25,"column":19}}]}},"b":{"0":[10],"1":[1],"2":[9],"3":[27]},"fnMap":{},"f":{}}
,"/Users/ashika/Documents/SOW Creator/src/components/atoms/Spinner/Spinner.tsx": {"path":"/Users/ashika/Documents/SOW Creator/src/components/atoms/Spinner/Spinner.tsx","all":false,"statementMap":{"9":{"start":{"line":10,"column":0},"end":{"line":10,"column":49}},"10":{"start":{"line":11,"column":0},"end":{"line":11,"column":14}},"11":{"start":{"line":12,"column":0},"end":{"line":12,"column":17}},"12":{"start":{"line":13,"column":0},"end":{"line":13,"column":10}},"13":{"start":{"line":14,"column":0},"end":{"line":14,"column":7}},"14":{"start":{"line":15,"column":0},"end":{"line":15,"column":31}},"15":{"start":{"line":16,"column":0},"end":{"line":16,"column":19}},"16":{"start":{"line":17,"column":0},"end":{"line":17,"column":16}},"17":{"start":{"line":18,"column":0},"end":{"line":18,"column":33}},"18":{"start":{"line":19,"column":0},"end":{"line":19,"column":16}},"19":{"start":{"line":20,"column":0},"end":{"line":20,"column":33}},"20":{"start":{"line":21,"column":0},"end":{"line":21,"column":16}},"21":{"start":{"line":22,"column":0},"end":{"line":22,"column":14}},"22":{"start":{"line":23,"column":0},"end":{"line":23,"column":33}},"23":{"start":{"line":24,"column":0},"end":{"line":24,"column":5}},"24":{"start":{"line":25,"column":0},"end":{"line":25,"column":3}},"26":{"start":{"line":27,"column":0},"end":{"line":27,"column":10}},"27":{"start":{"line":28,"column":0},"end":{"line":28,"column":8}},"28":{"start":{"line":29,"column":0},"end":{"line":29,"column":19}},"29":{"start":{"line":30,"column":0},"end":{"line":30,"column":26}},"30":{"start":{"line":31,"column":0},"end":{"line":31,"column":166}},"31":{"start":{"line":32,"column":0},"end":{"line":32,"column":27}},"32":{"start":{"line":33,"column":0},"end":{"line":33,"column":16}},"34":{"start":{"line":35,"column":0},"end":{"line":35,"column":49}},"35":{"start":{"line":36,"column":0},"end":{"line":36,"column":10}},"37":{"start":{"line":38,"column":0},"end":{"line":38,"column":1}}},"s":{"9":1,"10":2,"11":2,"12":2,"13":2,"14":2,"15":2,"16":2,"17":0,"18":2,"19":1,"20":2,"21":2,"22":1,"23":2,"24":2,"26":2,"27":2,"28":2,"29":2,"30":2,"31":2,"32":2,"34":2,"35":2,"37":2},"branchMap":{"0":{"type":"branch","line":10,"loc":{"start":{"line":10,"column":47},"end":{"line":38,"column":1}},"locations":[{"start":{"line":10,"column":47},"end":{"line":38,"column":1}}]},"1":{"type":"branch","line":15,"loc":{"start":{"line":15,"column":24},"end":{"line":25,"column":3}},"locations":[{"start":{"line":15,"column":24},"end":{"line":25,"column":3}}]},"2":{"type":"branch","line":17,"loc":{"start":{"line":17,"column":6},"end":{"line":18,"column":33}},"locations":[{"start":{"line":17,"column":6},"end":{"line":18,"column":33}}]},"3":{"type":"branch","line":19,"loc":{"start":{"line":19,"column":6},"end":{"line":20,"column":33}},"locations":[{"start":{"line":19,"column":6},"end":{"line":20,"column":33}}]},"4":{"type":"branch","line":21,"loc":{"start":{"line":21,"column":6},"end":{"line":21,"column":16}},"locations":[{"start":{"line":21,"column":6},"end":{"line":21,"column":16}}]},"5":{"type":"branch","line":22,"loc":{"start":{"line":22,"column":6},"end":{"line":23,"column":33}},"locations":[{"start":{"line":22,"column":6},"end":{"line":23,"column":33}}]}},"b":{"0":[2],"1":[2],"2":[0],"3":[1],"4":[1],"5":[1]},"fnMap":{"0":{"name":"Spinner","decl":{"start":{"line":10,"column":47},"end":{"line":38,"column":1}},"loc":{"start":{"line":10,"column":47},"end":{"line":38,"column":1}},"line":10},"1":{"name":"getSizeStyles","decl":{"start":{"line":15,"column":24},"end":{"line":25,"column":3}},"loc":{"start":{"line":15,"column":24},"end":{"line":25,"column":3}},"line":15}},"f":{"0":2,"1":2}}
,"/Users/ashika/Documents/SOW Creator/src/components/atoms/Textarea/Textarea.tsx": {"path":"/Users/ashika/Documents/SOW Creator/src/components/atoms/Textarea/Textarea.tsx","all":false,"statementMap":{"6":{"start":{"line":7,"column":0},"end":{"line":7,"column":25}},"9":{"start":{"line":10,"column":0},"end":{"line":10,"column":77}},"10":{"start":{"line":11,"column":0},"end":{"line":11,"column":67}},"11":{"start":{"line":12,"column":0},"end":{"line":12,"column":12}},"12":{"start":{"line":13,"column":0},"end":{"line":13,"column":15}},"13":{"start":{"line":14,"column":0},"end":{"line":14,"column":17}},"14":{"start":{"line":15,"column":0},"end":{"line":15,"column":19}},"15":{"start":{"line":16,"column":0},"end":{"line":16,"column":315}},"16":{"start":{"line":17,"column":0},"end":{"line":17,"column":15}},"17":{"start":{"line":18,"column":0},"end":{"line":18,"column":91}},"18":{"start":{"line":19,"column":0},"end":{"line":19,"column":114}},"19":{"start":{"line":20,"column":0},"end":{"line":20,"column":24}},"20":{"start":{"line":21,"column":0},"end":{"line":21,"column":18}},"21":{"start":{"line":22,"column":0},"end":{"line":22,"column":8}},"23":{"start":{"line":24,"column":0},"end":{"line":24,"column":3}},"24":{"start":{"line":25,"column":0},"end":{"line":25,"column":1}},"26":{"start":{"line":27,"column":0},"end":{"line":27,"column":33}}},"s":{"6":1,"9":1,"10":1,"11":3,"12":3,"13":3,"14":3,"15":3,"16":3,"17":1,"18":2,"19":3,"20":3,"21":3,"23":3,"24":1,"26":1},"branchMap":{"0":{"type":"branch","line":11,"loc":{"start":{"line":11,"column":2},"end":{"line":24,"column":3}},"locations":[{"start":{"line":11,"column":2},"end":{"line":24,"column":3}}]},"1":{"type":"branch","line":17,"loc":{"start":{"line":17,"column":10},"end":{"line":18,"column":91}},"locations":[{"start":{"line":17,"column":10},"end":{"line":18,"column":91}}]},"2":{"type":"branch","line":18,"loc":{"start":{"line":18,"column":14},"end":{"line":19,"column":114}},"locations":[{"start":{"line":18,"column":14},"end":{"line":19,"column":114}}]}},"b":{"0":[3],"1":[1],"2":[2]},"fnMap":{},"f":{}}
,"/Users/ashika/Documents/SOW Creator/src/components/atoms/ThemeToggle/ThemeToggle.tsx": {"path":"/Users/ashika/Documents/SOW Creator/src/components/atoms/ThemeToggle/ThemeToggle.tsx","all":false,"statementMap":{"9":{"start":{"line":10,"column":0},"end":{"line":10,"column":46}},"10":{"start":{"line":11,"column":0},"end":{"line":11,"column":50}},"13":{"start":{"line":14,"column":0},"end":{"line":14,"column":57}},"14":{"start":{"line":15,"column":0},"end":{"line":15,"column":17}},"15":{"start":{"line":16,"column":0},"end":{"line":16,"column":10}},"16":{"start":{"line":17,"column":0},"end":{"line":17,"column":7}},"17":{"start":{"line":18,"column":0},"end":{"line":18,"column":55}},"19":{"start":{"line":20,"column":0},"end":{"line":20,"column":34}},"20":{"start":{"line":21,"column":0},"end":{"line":21,"column":43}},"21":{"start":{"line":22,"column":0},"end":{"line":22,"column":49}},"22":{"start":{"line":23,"column":0},"end":{"line":23,"column":26}},"23":{"start":{"line":24,"column":0},"end":{"line":24,"column":3}},"25":{"start":{"line":26,"column":0},"end":{"line":26,"column":28}},"26":{"start":{"line":27,"column":0},"end":{"line":27,"column":29}},"27":{"start":{"line":28,"column":0},"end":{"line":28,"column":71}},"28":{"start":{"line":29,"column":0},"end":{"line":29,"column":5}},"29":{"start":{"line":30,"column":0},"end":{"line":30,"column":35}},"30":{"start":{"line":31,"column":0},"end":{"line":31,"column":67}},"31":{"start":{"line":32,"column":0},"end":{"line":32,"column":5}},"32":{"start":{"line":33,"column":0},"end":{"line":33,"column":65}},"33":{"start":{"line":34,"column":0},"end":{"line":34,"column":3}},"35":{"start":{"line":36,"column":0},"end":{"line":36,"column":10}},"36":{"start":{"line":37,"column":0},"end":{"line":37,"column":11}},"37":{"start":{"line":38,"column":0},"end":{"line":38,"column":32}},"38":{"start":{"line":39,"column":0},"end":{"line":39,"column":68}},"39":{"start":{"line":40,"column":0},"end":{"line":40,"column":31}},"40":{"start":{"line":41,"column":0},"end":{"line":41,"column":303}},"41":{"start":{"line":42,"column":0},"end":{"line":42,"column":16}},"43":{"start":{"line":44,"column":0},"end":{"line":44,"column":20}},"44":{"start":{"line":45,"column":0},"end":{"line":45,"column":13}},"46":{"start":{"line":47,"column":0},"end":{"line":47,"column":1}}},"s":{"9":1,"10":1,"13":1,"14":20,"15":20,"16":20,"17":20,"19":20,"20":3,"21":2,"22":1,"23":3,"25":20,"26":20,"27":17,"28":17,"29":7,"30":1,"31":1,"32":2,"33":20,"35":20,"36":20,"37":20,"38":20,"39":20,"40":20,"41":20,"43":20,"44":20,"46":20},"branchMap":{"0":{"type":"branch","line":14,"loc":{"start":{"line":14,"column":55},"end":{"line":47,"column":1}},"locations":[{"start":{"line":14,"column":55},"end":{"line":47,"column":1}}]},"1":{"type":"branch","line":20,"loc":{"start":{"line":20,"column":27},"end":{"line":24,"column":3}},"locations":[{"start":{"line":20,"column":27},"end":{"line":24,"column":3}}]},"2":{"type":"branch","line":21,"loc":{"start":{"line":21,"column":27},"end":{"line":21,"column":43}},"locations":[{"start":{"line":21,"column":27},"end":{"line":21,"column":43}}]},"3":{"type":"branch","line":21,"loc":{"start":{"line":21,"column":42},"end":{"line":23,"column":26}},"locations":[{"start":{"line":21,"column":42},"end":{"line":23,"column":26}}]},"4":{"type":"branch","line":22,"loc":{"start":{"line":22,"column":31},"end":{"line":23,"column":26}},"locations":[{"start":{"line":22,"column":31},"end":{"line":23,"column":26}}]},"5":{"type":"branch","line":26,"loc":{"start":{"line":26,"column":21},"end":{"line":34,"column":3}},"locations":[{"start":{"line":26,"column":21},"end":{"line":34,"column":3}}]},"6":{"type":"branch","line":27,"loc":{"start":{"line":27,"column":28},"end":{"line":29,"column":5}},"locations":[{"start":{"line":27,"column":28},"end":{"line":29,"column":5}}]},"7":{"type":"branch","line":29,"loc":{"start":{"line":29,"column":4},"end":{"line":33,"column":65}},"locations":[{"start":{"line":29,"column":4},"end":{"line":33,"column":65}}]},"8":{"type":"branch","line":29,"loc":{"start":{"line":29,"column":4},"end":{"line":30,"column":34}},"locations":[{"start":{"line":29,"column":4},"end":{"line":30,"column":34}}]},"9":{"type":"branch","line":30,"loc":{"start":{"line":30,"column":34},"end":{"line":32,"column":5}},"locations":[{"start":{"line":30,"column":34},"end":{"line":32,"column":5}}]},"10":{"type":"branch","line":32,"loc":{"start":{"line":32,"column":4},"end":{"line":33,"column":65}},"locations":[{"start":{"line":32,"column":4},"end":{"line":33,"column":65}}]}},"b":{"0":[20],"1":[3],"2":[1],"3":[2],"4":[1],"5":[20],"6":[17],"7":[7],"8":[3],"9":[1],"10":[2]},"fnMap":{"0":{"name":"ThemeToggle","decl":{"start":{"line":14,"column":55},"end":{"line":47,"column":1}},"loc":{"start":{"line":14,"column":55},"end":{"line":47,"column":1}},"line":14},"1":{"name":"handleCycleTheme","decl":{"start":{"line":20,"column":27},"end":{"line":24,"column":3}},"loc":{"start":{"line":20,"column":27},"end":{"line":24,"column":3}},"line":20},"2":{"name":"renderIcon","decl":{"start":{"line":26,"column":21},"end":{"line":34,"column":3}},"loc":{"start":{"line":26,"column":21},"end":{"line":34,"column":3}},"line":26}},"f":{"0":20,"1":3,"2":20}}
,"/Users/ashika/Documents/SOW Creator/src/components/molecules/AppDialog/AppDialog.tsx": {"path":"/Users/ashika/Documents/SOW Creator/src/components/molecules/AppDialog/AppDialog.tsx","all":false,"statementMap":{"8":{"start":{"line":9,"column":0},"end":{"line":9,"column":40}},"9":{"start":{"line":10,"column":0},"end":{"line":10,"column":50}},"10":{"start":{"line":11,"column":0},"end":{"line":11,"column":46}},"13":{"start":{"line":14,"column":0},"end":{"line":14,"column":53}},"14":{"start":{"line":15,"column":0},"end":{"line":15,"column":9}},"15":{"start":{"line":16,"column":0},"end":{"line":16,"column":8}},"16":{"start":{"line":17,"column":0},"end":{"line":17,"column":14}},"17":{"start":{"line":18,"column":0},"end":{"line":18,"column":10}},"18":{"start":{"line":19,"column":0},"end":{"line":19,"column":11}},"19":{"start":{"line":20,"column":0},"end":{"line":20,"column":9}},"20":{"start":{"line":21,"column":0},"end":{"line":21,"column":7}},"21":{"start":{"line":22,"column":0},"end":{"line":22,"column":19}},"22":{"start":{"line":23,"column":0},"end":{"line":23,"column":49}},"23":{"start":{"line":24,"column":0},"end":{"line":24,"column":39}},"24":{"start":{"line":25,"column":0},"end":{"line":25,"column":5}},"25":{"start":{"line":26,"column":0},"end":{"line":26,"column":17}},"26":{"start":{"line":27,"column":0},"end":{"line":27,"column":45}},"27":{"start":{"line":28,"column":0},"end":{"line":28,"column":55}},"28":{"start":{"line":29,"column":0},"end":{"line":29,"column":5}},"29":{"start":{"line":30,"column":0},"end":{"line":30,"column":18}},"30":{"start":{"line":31,"column":0},"end":{"line":31,"column":39}},"31":{"start":{"line":32,"column":0},"end":{"line":32,"column":58}},"32":{"start":{"line":33,"column":0},"end":{"line":33,"column":5}},"33":{"start":{"line":34,"column":0},"end":{"line":34,"column":23}},"35":{"start":{"line":36,"column":0},"end":{"line":36,"column":26}},"37":{"start":{"line":38,"column":0},"end":{"line":38,"column":10}},"38":{"start":{"line":39,"column":0},"end":{"line":39,"column":8}},"39":{"start":{"line":40,"column":0},"end":{"line":40,"column":19}},"40":{"start":{"line":41,"column":0},"end":{"line":41,"column":23}},"41":{"start":{"line":42,"column":0},"end":{"line":42,"column":36}},"42":{"start":{"line":43,"column":0},"end":{"line":43,"column":129}},"44":{"start":{"line":45,"column":0},"end":{"line":45,"column":10}},"45":{"start":{"line":46,"column":0},"end":{"line":46,"column":171}},"46":{"start":{"line":47,"column":0},"end":{"line":47,"column":44}},"48":{"start":{"line":49,"column":0},"end":{"line":49,"column":108}},"49":{"start":{"line":50,"column":0},"end":{"line":50,"column":15}},"50":{"start":{"line":51,"column":0},"end":{"line":51,"column":91}},"51":{"start":{"line":52,"column":0},"end":{"line":52,"column":21}},"52":{"start":{"line":53,"column":0},"end":{"line":53,"column":17}},"53":{"start":{"line":54,"column":0},"end":{"line":54,"column":28}},"54":{"start":{"line":55,"column":0},"end":{"line":55,"column":90}},"55":{"start":{"line":56,"column":0},"end":{"line":56,"column":21}},"56":{"start":{"line":57,"column":0},"end":{"line":57,"column":16}},"57":{"start":{"line":58,"column":0},"end":{"line":58,"column":17}},"58":{"start":{"line":59,"column":0},"end":{"line":59,"column":27}},"59":{"start":{"line":60,"column":0},"end":{"line":60,"column":21}},"60":{"start":{"line":61,"column":0},"end":{"line":61,"column":29}},"61":{"start":{"line":62,"column":0},"end":{"line":62,"column":37}},"62":{"start":{"line":63,"column":0},"end":{"line":63,"column":48}},"64":{"start":{"line":65,"column":0},"end":{"line":65,"column":43}},"65":{"start":{"line":66,"column":0},"end":{"line":66,"column":19}},"66":{"start":{"line":67,"column":0},"end":{"line":67,"column":14}},"68":{"start":{"line":69,"column":0},"end":{"line":69,"column":94}},"70":{"start":{"line":71,"column":0},"end":{"line":71,"column":19}},"71":{"start":{"line":72,"column":0},"end":{"line":72,"column":137}},"72":{"start":{"line":73,"column":0},"end":{"line":73,"column":20}},"73":{"start":{"line":74,"column":0},"end":{"line":74,"column":16}},"74":{"start":{"line":75,"column":0},"end":{"line":75,"column":17}},"75":{"start":{"line":76,"column":0},"end":{"line":76,"column":12}},"76":{"start":{"line":77,"column":0},"end":{"line":77,"column":10}},"78":{"start":{"line":79,"column":0},"end":{"line":79,"column":1}}},"s":{"8":1,"9":1,"10":1,"13":1,"14":10,"15":10,"16":10,"17":10,"18":10,"19":10,"20":10,"21":10,"22":10,"23":1,"24":1,"25":10,"26":3,"27":3,"28":3,"29":10,"30":10,"31":10,"32":10,"33":10,"35":10,"37":3,"38":3,"39":3,"40":3,"41":3,"42":3,"44":3,"45":3,"46":3,"48":3,"49":3,"50":3,"51":3,"52":3,"53":3,"54":2,"55":1,"56":10,"57":10,"58":10,"59":10,"60":10,"61":10,"62":10,"64":10,"65":10,"66":10,"68":10,"70":10,"71":2,"72":2,"73":2,"74":1,"75":10,"76":10,"78":10},"branchMap":{"0":{"type":"branch","line":14,"loc":{"start":{"line":14,"column":51},"end":{"line":79,"column":1}},"locations":[{"start":{"line":14,"column":51},"end":{"line":79,"column":1}}]},"1":{"type":"branch","line":36,"loc":{"start":{"line":36,"column":15},"end":{"line":36,"column":26}},"locations":[{"start":{"line":36,"column":15},"end":{"line":36,"column":26}}]},"2":{"type":"branch","line":36,"loc":{"start":{"line":36,"column":22},"end":{"line":55,"column":90}},"locations":[{"start":{"line":36,"column":22},"end":{"line":55,"column":90}}]},"3":{"type":"branch","line":36,"loc":{"start":{"line":36,"column":22},"end":{"line":54,"column":28}},"locations":[{"start":{"line":36,"column":22},"end":{"line":54,"column":28}}]},"4":{"type":"branch","line":54,"loc":{"start":{"line":54,"column":13},"end":{"line":55,"column":90}},"locations":[{"start":{"line":54,"column":13},"end":{"line":55,"column":90}}]},"5":{"type":"branch","line":55,"loc":{"start":{"line":55,"column":86},"end":{"line":56,"column":21}},"locations":[{"start":{"line":55,"column":86},"end":{"line":56,"column":21}}]},"6":{"type":"branch","line":69,"loc":{"start":{"line":69,"column":9},"end":{"line":69,"column":89}},"locations":[{"start":{"line":69,"column":9},"end":{"line":69,"column":89}}]},"7":{"type":"branch","line":69,"loc":{"start":{"line":69,"column":80},"end":{"line":69,"column":94}},"locations":[{"start":{"line":69,"column":80},"end":{"line":69,"column":94}}]},"8":{"type":"branch","line":71,"loc":{"start":{"line":71,"column":9},"end":{"line":74,"column":16}},"locations":[{"start":{"line":71,"column":9},"end":{"line":74,"column":16}}]},"9":{"type":"branch","line":74,"loc":{"start":{"line":74,"column":10},"end":{"line":75,"column":17}},"locations":[{"start":{"line":74,"column":10},"end":{"line":75,"column":17}}]},"10":{"type":"branch","line":22,"loc":{"start":{"line":22,"column":12},"end":{"line":34,"column":5}},"locations":[{"start":{"line":22,"column":12},"end":{"line":34,"column":5}}]},"11":{"type":"branch","line":26,"loc":{"start":{"line":26,"column":16},"end":{"line":29,"column":5}},"locations":[{"start":{"line":26,"column":16},"end":{"line":29,"column":5}}]},"12":{"type":"branch","line":23,"loc":{"start":{"line":23,"column":26},"end":{"line":25,"column":5}},"locations":[{"start":{"line":23,"column":26},"end":{"line":25,"column":5}}]},"13":{"type":"branch","line":30,"loc":{"start":{"line":30,"column":11},"end":{"line":33,"column":5}},"locations":[{"start":{"line":30,"column":11},"end":{"line":33,"column":5}}]},"14":{"type":"branch","line":47,"loc":{"start":{"line":47,"column":17},"end":{"line":47,"column":44}},"locations":[{"start":{"line":47,"column":17},"end":{"line":47,"column":44}}]}},"b":{"0":[10],"1":[7],"2":[4],"3":[3],"4":[2],"5":[1],"6":[2],"7":[1],"8":[2],"9":[1],"10":[10],"11":[3],"12":[1],"13":[10],"14":[2]},"fnMap":{"0":{"name":"AppDialog","decl":{"start":{"line":14,"column":51},"end":{"line":79,"column":1}},"loc":{"start":{"line":14,"column":51},"end":{"line":79,"column":1}},"line":14},"1":{"name":"handleKeyDown","decl":{"start":{"line":23,"column":26},"end":{"line":25,"column":5}},"loc":{"start":{"line":23,"column":26},"end":{"line":25,"column":5}},"line":23},"2":{"name":"onClick","decl":{"start":{"line":47,"column":17},"end":{"line":47,"column":44}},"loc":{"start":{"line":47,"column":17},"end":{"line":47,"column":44}},"line":47}},"f":{"0":10,"1":1,"2":2}}
,"/Users/ashika/Documents/SOW Creator/src/components/molecules/FormField/FormField.tsx": {"path":"/Users/ashika/Documents/SOW Creator/src/components/molecules/FormField/FormField.tsx","all":false,"statementMap":{"6":{"start":{"line":7,"column":0},"end":{"line":7,"column":25}},"9":{"start":{"line":10,"column":0},"end":{"line":10,"column":53}},"10":{"start":{"line":11,"column":0},"end":{"line":11,"column":5}},"11":{"start":{"line":12,"column":0},"end":{"line":12,"column":8}},"12":{"start":{"line":13,"column":0},"end":{"line":13,"column":8}},"13":{"start":{"line":14,"column":0},"end":{"line":14,"column":13}},"14":{"start":{"line":15,"column":0},"end":{"line":15,"column":19}},"15":{"start":{"line":16,"column":0},"end":{"line":16,"column":11}},"16":{"start":{"line":17,"column":0},"end":{"line":17,"column":17}},"17":{"start":{"line":18,"column":0},"end":{"line":18,"column":7}},"18":{"start":{"line":19,"column":0},"end":{"line":19,"column":10}},"19":{"start":{"line":20,"column":0},"end":{"line":20,"column":65}},"20":{"start":{"line":21,"column":0},"end":{"line":21,"column":12}},"21":{"start":{"line":22,"column":0},"end":{"line":22,"column":20}},"22":{"start":{"line":23,"column":0},"end":{"line":23,"column":129}},"24":{"start":{"line":25,"column":0},"end":{"line":25,"column":14}},"25":{"start":{"line":26,"column":0},"end":{"line":26,"column":17}},"26":{"start":{"line":27,"column":0},"end":{"line":27,"column":86}},"27":{"start":{"line":28,"column":0},"end":{"line":28,"column":15}},"28":{"start":{"line":29,"column":0},"end":{"line":29,"column":14}},"30":{"start":{"line":31,"column":0},"end":{"line":31,"column":37}},"31":{"start":{"line":32,"column":0},"end":{"line":32,"column":96}},"32":{"start":{"line":33,"column":0},"end":{"line":33,"column":15}},"33":{"start":{"line":34,"column":0},"end":{"line":34,"column":76}},"34":{"start":{"line":35,"column":0},"end":{"line":35,"column":12}},"35":{"start":{"line":36,"column":0},"end":{"line":36,"column":19}},"37":{"start":{"line":38,"column":0},"end":{"line":38,"column":16}},"38":{"start":{"line":39,"column":0},"end":{"line":39,"column":88}},"39":{"start":{"line":40,"column":0},"end":{"line":40,"column":17}},"40":{"start":{"line":41,"column":0},"end":{"line":41,"column":12}},"41":{"start":{"line":42,"column":0},"end":{"line":42,"column":24}},"42":{"start":{"line":43,"column":0},"end":{"line":43,"column":82}},"43":{"start":{"line":44,"column":0},"end":{"line":44,"column":15}},"44":{"start":{"line":45,"column":0},"end":{"line":45,"column":10}},"46":{"start":{"line":47,"column":0},"end":{"line":47,"column":1}}},"s":{"6":1,"9":1,"10":24,"11":24,"12":24,"13":24,"14":24,"15":24,"16":24,"17":24,"18":24,"19":24,"20":24,"21":24,"22":24,"24":24,"25":24,"26":24,"27":24,"28":24,"30":24,"31":24,"32":24,"33":24,"34":24,"35":0,"37":24,"38":1,"39":1,"40":1,"41":23,"42":8,"43":15,"44":24,"46":24},"branchMap":{"0":{"type":"branch","line":10,"loc":{"start":{"line":10,"column":51},"end":{"line":47,"column":1}},"locations":[{"start":{"line":10,"column":51},"end":{"line":47,"column":1}}]},"1":{"type":"branch","line":27,"loc":{"start":{"line":27,"column":11},"end":{"line":27,"column":81}},"locations":[{"start":{"line":27,"column":11},"end":{"line":27,"column":81}}]},"2":{"type":"branch","line":27,"loc":{"start":{"line":27,"column":71},"end":{"line":27,"column":86}},"locations":[{"start":{"line":27,"column":71},"end":{"line":27,"column":86}}]},"3":{"type":"branch","line":34,"loc":{"start":{"line":34,"column":21},"end":{"line":34,"column":76}},"locations":[{"start":{"line":34,"column":21},"end":{"line":34,"column":76}}]},"4":{"type":"branch","line":35,"loc":{"start":{"line":35,"column":11},"end":{"line":36,"column":19}},"locations":[{"start":{"line":35,"column":11},"end":{"line":36,"column":19}}]},"5":{"type":"branch","line":38,"loc":{"start":{"line":38,"column":7},"end":{"line":41,"column":12}},"locations":[{"start":{"line":38,"column":7},"end":{"line":41,"column":12}}]},"6":{"type":"branch","line":41,"loc":{"start":{"line":41,"column":8},"end":{"line":44,"column":15}},"locations":[{"start":{"line":41,"column":8},"end":{"line":44,"column":15}}]},"7":{"type":"branch","line":42,"loc":{"start":{"line":42,"column":10},"end":{"line":43,"column":82}},"locations":[{"start":{"line":42,"column":10},"end":{"line":43,"column":82}}]},"8":{"type":"branch","line":43,"loc":{"start":{"line":43,"column":78},"end":{"line":44,"column":15}},"locations":[{"start":{"line":43,"column":78},"end":{"line":44,"column":15}}]}},"b":{"0":[24],"1":[15],"2":[9],"3":[23],"4":[0],"5":[1],"6":[23],"7":[8],"8":[15]},"fnMap":{"0":{"name":"FormField","decl":{"start":{"line":10,"column":51},"end":{"line":47,"column":1}},"loc":{"start":{"line":10,"column":51},"end":{"line":47,"column":1}},"line":10}},"f":{"0":24}}
,"/Users/ashika/Documents/SOW Creator/src/components/molecules/KPICard/KPICard.tsx": {"path":"/Users/ashika/Documents/SOW Creator/src/components/molecules/KPICard/KPICard.tsx","all":false,"statementMap":{"7":{"start":{"line":8,"column":0},"end":{"line":8,"column":48}},"8":{"start":{"line":9,"column":0},"end":{"line":9,"column":46}},"11":{"start":{"line":12,"column":0},"end":{"line":12,"column":49}},"12":{"start":{"line":13,"column":0},"end":{"line":13,"column":8}},"13":{"start":{"line":14,"column":0},"end":{"line":14,"column":8}},"14":{"start":{"line":15,"column":0},"end":{"line":15,"column":9}},"15":{"start":{"line":16,"column":0},"end":{"line":16,"column":28}},"16":{"start":{"line":17,"column":0},"end":{"line":17,"column":22}},"17":{"start":{"line":18,"column":0},"end":{"line":18,"column":17}},"18":{"start":{"line":19,"column":0},"end":{"line":19,"column":7}},"19":{"start":{"line":20,"column":0},"end":{"line":20,"column":10}},"20":{"start":{"line":21,"column":0},"end":{"line":21,"column":8}},"21":{"start":{"line":22,"column":0},"end":{"line":22,"column":217}},"23":{"start":{"line":24,"column":0},"end":{"line":24,"column":63}},"24":{"start":{"line":25,"column":0},"end":{"line":25,"column":101}},"25":{"start":{"line":26,"column":0},"end":{"line":26,"column":17}},"26":{"start":{"line":27,"column":0},"end":{"line":27,"column":15}},"27":{"start":{"line":28,"column":0},"end":{"line":28,"column":89}},"28":{"start":{"line":29,"column":0},"end":{"line":29,"column":12}},"30":{"start":{"line":31,"column":0},"end":{"line":31,"column":70}},"31":{"start":{"line":32,"column":0},"end":{"line":32,"column":98}},"32":{"start":{"line":33,"column":0},"end":{"line":33,"column":17}},"33":{"start":{"line":34,"column":0},"end":{"line":34,"column":15}},"34":{"start":{"line":35,"column":0},"end":{"line":35,"column":73}},"35":{"start":{"line":36,"column":0},"end":{"line":36,"column":12}},"36":{"start":{"line":37,"column":0},"end":{"line":37,"column":10}},"38":{"start":{"line":39,"column":0},"end":{"line":39,"column":1}}},"s":{"7":1,"8":1,"11":1,"12":1,"13":1,"14":1,"15":1,"16":1,"17":1,"18":1,"19":1,"20":1,"21":1,"23":1,"24":1,"25":1,"26":1,"27":1,"28":1,"30":1,"31":1,"32":1,"33":1,"34":1,"35":1,"36":1,"38":1},"branchMap":{"0":{"type":"branch","line":12,"loc":{"start":{"line":12,"column":47},"end":{"line":39,"column":1}},"locations":[{"start":{"line":12,"column":47},"end":{"line":39,"column":1}}]},"1":{"type":"branch","line":35,"loc":{"start":{"line":35,"column":57},"end":{"line":35,"column":73}},"locations":[{"start":{"line":35,"column":57},"end":{"line":35,"column":73}}]}},"b":{"0":[1],"1":[0]},"fnMap":{"0":{"name":"KPICard","decl":{"start":{"line":12,"column":47},"end":{"line":39,"column":1}},"loc":{"start":{"line":12,"column":47},"end":{"line":39,"column":1}},"line":12}},"f":{"0":1}}
,"/Users/ashika/Documents/SOW Creator/src/components/molecules/SearchBar/SearchBar.tsx": {"path":"/Users/ashika/Documents/SOW Creator/src/components/molecules/SearchBar/SearchBar.tsx","all":false,"statementMap":{"6":{"start":{"line":7,"column":0},"end":{"line":7,"column":39}},"7":{"start":{"line":8,"column":0},"end":{"line":8,"column":50}},"8":{"start":{"line":9,"column":0},"end":{"line":9,"column":46}},"9":{"start":{"line":10,"column":0},"end":{"line":10,"column":48}},"12":{"start":{"line":13,"column":0},"end":{"line":13,"column":53}},"13":{"start":{"line":14,"column":0},"end":{"line":14,"column":28}},"14":{"start":{"line":15,"column":0},"end":{"line":15,"column":25}},"15":{"start":{"line":16,"column":0},"end":{"line":16,"column":11}},"16":{"start":{"line":17,"column":0},"end":{"line":17,"column":11}},"17":{"start":{"line":18,"column":0},"end":{"line":18,"column":17}},"18":{"start":{"line":19,"column":0},"end":{"line":19,"column":7}},"19":{"start":{"line":20,"column":0},"end":{"line":20,"column":56}},"20":{"start":{"line":21,"column":0},"end":{"line":21,"column":52}},"21":{"start":{"line":22,"column":0},"end":{"line":22,"column":69}},"23":{"start":{"line":24,"column":0},"end":{"line":24,"column":73}},"24":{"start":{"line":25,"column":0},"end":{"line":25,"column":24}},"25":{"start":{"line":26,"column":0},"end":{"line":26,"column":38}},"26":{"start":{"line":27,"column":0},"end":{"line":27,"column":5}},"27":{"start":{"line":28,"column":0},"end":{"line":28,"column":17}},"28":{"start":{"line":29,"column":0},"end":{"line":29,"column":3}},"30":{"start":{"line":31,"column":0},"end":{"line":31,"column":48}},"31":{"start":{"line":32,"column":0},"end":{"line":32,"column":22}},"32":{"start":{"line":33,"column":0},"end":{"line":33,"column":28}},"33":{"start":{"line":34,"column":0},"end":{"line":34,"column":3}},"35":{"start":{"line":36,"column":0},"end":{"line":36,"column":10}},"36":{"start":{"line":37,"column":0},"end":{"line":37,"column":9}},"37":{"start":{"line":38,"column":0},"end":{"line":38,"column":29}},"38":{"start":{"line":39,"column":0},"end":{"line":39,"column":81}},"39":{"start":{"line":40,"column":0},"end":{"line":40,"column":35}},"41":{"start":{"line":42,"column":0},"end":{"line":42,"column":60}},"42":{"start":{"line":43,"column":0},"end":{"line":43,"column":13}},"43":{"start":{"line":44,"column":0},"end":{"line":44,"column":23}},"44":{"start":{"line":45,"column":0},"end":{"line":45,"column":19}},"45":{"start":{"line":46,"column":0},"end":{"line":46,"column":85}},"46":{"start":{"line":47,"column":0},"end":{"line":47,"column":10}},"47":{"start":{"line":48,"column":0},"end":{"line":48,"column":14}},"48":{"start":{"line":49,"column":0},"end":{"line":49,"column":23}},"49":{"start":{"line":50,"column":0},"end":{"line":50,"column":35}},"50":{"start":{"line":51,"column":0},"end":{"line":51,"column":30}},"51":{"start":{"line":52,"column":0},"end":{"line":52,"column":38}},"52":{"start":{"line":53,"column":0},"end":{"line":53,"column":31}},"53":{"start":{"line":54,"column":0},"end":{"line":54,"column":29}},"54":{"start":{"line":55,"column":0},"end":{"line":55,"column":10}},"55":{"start":{"line":56,"column":0},"end":{"line":56,"column":12}},"56":{"start":{"line":57,"column":0},"end":{"line":57,"column":56}},"58":{"start":{"line":59,"column":0},"end":{"line":59,"column":15}},"59":{"start":{"line":60,"column":0},"end":{"line":60,"column":11}},"61":{"start":{"line":62,"column":0},"end":{"line":62,"column":1}}},"s":{"6":1,"7":1,"8":1,"9":1,"12":1,"13":29,"14":29,"15":29,"16":29,"17":29,"18":29,"19":29,"20":29,"21":29,"23":29,"24":15,"25":10,"26":10,"27":15,"28":15,"30":29,"31":1,"32":1,"33":1,"35":29,"36":29,"37":29,"38":29,"39":29,"41":29,"42":29,"43":29,"44":29,"45":29,"46":29,"47":29,"48":29,"49":29,"50":29,"51":29,"52":29,"53":29,"54":29,"55":29,"56":29,"58":29,"59":29,"61":29},"branchMap":{"0":{"type":"branch","line":13,"loc":{"start":{"line":13,"column":51},"end":{"line":62,"column":1}},"locations":[{"start":{"line":13,"column":51},"end":{"line":62,"column":1}}]},"1":{"type":"branch","line":22,"loc":{"start":{"line":22,"column":23},"end":{"line":22,"column":56}},"locations":[{"start":{"line":22,"column":23},"end":{"line":22,"column":56}}]},"2":{"type":"branch","line":22,"loc":{"start":{"line":22,"column":38},"end":{"line":22,"column":69}},"locations":[{"start":{"line":22,"column":38},"end":{"line":22,"column":69}}]},"3":{"type":"branch","line":24,"loc":{"start":{"line":24,"column":28},"end":{"line":29,"column":3}},"locations":[{"start":{"line":24,"column":28},"end":{"line":29,"column":3}}]},"4":{"type":"branch","line":25,"loc":{"start":{"line":25,"column":23},"end":{"line":27,"column":5}},"locations":[{"start":{"line":25,"column":23},"end":{"line":27,"column":5}}]},"5":{"type":"branch","line":28,"loc":{"start":{"line":28,"column":4},"end":{"line":28,"column":17}},"locations":[{"start":{"line":28,"column":4},"end":{"line":28,"column":17}}]},"6":{"type":"branch","line":31,"loc":{"start":{"line":31,"column":23},"end":{"line":34,"column":3}},"locations":[{"start":{"line":31,"column":23},"end":{"line":34,"column":3}}]}},"b":{"0":[29],"1":[15],"2":[14],"3":[15],"4":[10],"5":[5],"6":[1]},"fnMap":{"0":{"name":"SearchBar","decl":{"start":{"line":13,"column":51},"end":{"line":62,"column":1}},"loc":{"start":{"line":13,"column":51},"end":{"line":62,"column":1}},"line":13},"1":{"name":"handleInputChange","decl":{"start":{"line":24,"column":28},"end":{"line":29,"column":3}},"loc":{"start":{"line":24,"column":28},"end":{"line":29,"column":3}},"line":24},"2":{"name":"handleSubmit","decl":{"start":{"line":31,"column":23},"end":{"line":34,"column":3}},"loc":{"start":{"line":31,"column":23},"end":{"line":34,"column":3}},"line":31}},"f":{"0":29,"1":15,"2":1}}
,"/Users/ashika/Documents/SOW Creator/src/components/molecules/Toast/Toast.tsx": {"path":"/Users/ashika/Documents/SOW Creator/src/components/molecules/Toast/Toast.tsx","all":false,"statementMap":{"7":{"start":{"line":8,"column":0},"end":{"line":8,"column":50}},"8":{"start":{"line":9,"column":0},"end":{"line":9,"column":56}},"11":{"start":{"line":12,"column":0},"end":{"line":12,"column":45}},"12":{"start":{"line":13,"column":0},"end":{"line":13,"column":8}},"13":{"start":{"line":14,"column":0},"end":{"line":14,"column":10}},"14":{"start":{"line":15,"column":0},"end":{"line":15,"column":19}},"15":{"start":{"line":16,"column":0},"end":{"line":16,"column":12}},"16":{"start":{"line":17,"column":0},"end":{"line":17,"column":17}},"17":{"start":{"line":18,"column":0},"end":{"line":18,"column":7}},"18":{"start":{"line":19,"column":0},"end":{"line":19,"column":39}},"19":{"start":{"line":20,"column":0},"end":{"line":20,"column":22}},"20":{"start":{"line":21,"column":0},"end":{"line":21,"column":21}},"21":{"start":{"line":22,"column":0},"end":{"line":22,"column":22}},"22":{"start":{"line":23,"column":0},"end":{"line":23,"column":21}},"23":{"start":{"line":24,"column":0},"end":{"line":24,"column":19}},"24":{"start":{"line":25,"column":0},"end":{"line":25,"column":22}},"25":{"start":{"line":26,"column":0},"end":{"line":26,"column":18}},"26":{"start":{"line":27,"column":0},"end":{"line":27,"column":21}},"27":{"start":{"line":28,"column":0},"end":{"line":28,"column":14}},"28":{"start":{"line":29,"column":0},"end":{"line":29,"column":21}},"29":{"start":{"line":30,"column":0},"end":{"line":30,"column":5}},"30":{"start":{"line":31,"column":0},"end":{"line":31,"column":3}},"32":{"start":{"line":33,"column":0},"end":{"line":33,"column":35}},"33":{"start":{"line":34,"column":0},"end":{"line":34,"column":22}},"34":{"start":{"line":35,"column":0},"end":{"line":35,"column":21}},"35":{"start":{"line":36,"column":0},"end":{"line":36,"column":43}},"36":{"start":{"line":37,"column":0},"end":{"line":37,"column":21}},"37":{"start":{"line":38,"column":0},"end":{"line":38,"column":43}},"38":{"start":{"line":39,"column":0},"end":{"line":39,"column":19}},"39":{"start":{"line":40,"column":0},"end":{"line":40,"column":41}},"40":{"start":{"line":41,"column":0},"end":{"line":41,"column":18}},"41":{"start":{"line":42,"column":0},"end":{"line":42,"column":21}},"42":{"start":{"line":43,"column":0},"end":{"line":43,"column":14}},"43":{"start":{"line":44,"column":0},"end":{"line":44,"column":40}},"44":{"start":{"line":45,"column":0},"end":{"line":45,"column":5}},"45":{"start":{"line":46,"column":0},"end":{"line":46,"column":3}},"47":{"start":{"line":48,"column":0},"end":{"line":48,"column":10}},"48":{"start":{"line":49,"column":0},"end":{"line":49,"column":8}},"49":{"start":{"line":50,"column":0},"end":{"line":50,"column":19}},"50":{"start":{"line":51,"column":0},"end":{"line":51,"column":202}},"52":{"start":{"line":53,"column":0},"end":{"line":53,"column":98}},"53":{"start":{"line":54,"column":0},"end":{"line":54,"column":41}},"54":{"start":{"line":55,"column":0},"end":{"line":55,"column":87}},"55":{"start":{"line":56,"column":0},"end":{"line":56,"column":17}},"56":{"start":{"line":57,"column":0},"end":{"line":57,"column":13}},"57":{"start":{"line":58,"column":0},"end":{"line":58,"column":20}},"58":{"start":{"line":59,"column":0},"end":{"line":59,"column":80}},"59":{"start":{"line":60,"column":0},"end":{"line":60,"column":17}},"60":{"start":{"line":61,"column":0},"end":{"line":61,"column":12}},"61":{"start":{"line":62,"column":0},"end":{"line":62,"column":20}},"62":{"start":{"line":63,"column":0},"end":{"line":63,"column":15}},"63":{"start":{"line":64,"column":0},"end":{"line":64,"column":25}},"64":{"start":{"line":65,"column":0},"end":{"line":65,"column":19}},"65":{"start":{"line":66,"column":0},"end":{"line":66,"column":29}},"66":{"start":{"line":67,"column":0},"end":{"line":67,"column":36}},"67":{"start":{"line":68,"column":0},"end":{"line":68,"column":94}},"69":{"start":{"line":70,"column":0},"end":{"line":70,"column":41}},"70":{"start":{"line":71,"column":0},"end":{"line":71,"column":17}},"71":{"start":{"line":72,"column":0},"end":{"line":72,"column":15}},"72":{"start":{"line":73,"column":0},"end":{"line":73,"column":10}},"74":{"start":{"line":75,"column":0},"end":{"line":75,"column":1}}},"s":{"7":1,"8":1,"11":1,"12":7,"13":7,"14":7,"15":7,"16":7,"17":7,"18":7,"19":7,"20":7,"21":3,"22":7,"23":7,"24":2,"25":7,"26":7,"27":7,"28":2,"29":7,"30":7,"32":7,"33":7,"34":7,"35":3,"36":7,"37":1,"38":7,"39":1,"40":7,"41":7,"42":7,"43":2,"44":7,"45":7,"47":7,"48":7,"49":7,"50":7,"52":7,"53":7,"54":7,"55":7,"56":7,"57":7,"58":3,"59":4,"60":7,"61":7,"62":3,"63":3,"64":3,"65":3,"66":3,"67":3,"69":3,"70":3,"71":4,"72":7,"74":7},"branchMap":{"0":{"type":"branch","line":12,"loc":{"start":{"line":12,"column":43},"end":{"line":75,"column":1}},"locations":[{"start":{"line":12,"column":43},"end":{"line":75,"column":1}}]},"1":{"type":"branch","line":58,"loc":{"start":{"line":58,"column":9},"end":{"line":59,"column":80}},"locations":[{"start":{"line":58,"column":9},"end":{"line":59,"column":80}}]},"2":{"type":"branch","line":59,"loc":{"start":{"line":59,"column":76},"end":{"line":60,"column":17}},"locations":[{"start":{"line":59,"column":76},"end":{"line":60,"column":17}}]},"3":{"type":"branch","line":62,"loc":{"start":{"line":62,"column":7},"end":{"line":71,"column":17}},"locations":[{"start":{"line":62,"column":7},"end":{"line":71,"column":17}}]},"4":{"type":"branch","line":71,"loc":{"start":{"line":71,"column":8},"end":{"line":72,"column":15}},"locations":[{"start":{"line":71,"column":8},"end":{"line":72,"column":15}}]},"5":{"type":"branch","line":19,"loc":{"start":{"line":19,"column":22},"end":{"line":31,"column":3}},"locations":[{"start":{"line":19,"column":22},"end":{"line":31,"column":3}}]},"6":{"type":"branch","line":21,"loc":{"start":{"line":21,"column":6},"end":{"line":22,"column":22}},"locations":[{"start":{"line":21,"column":6},"end":{"line":22,"column":22}}]},"7":{"type":"branch","line":23,"loc":{"start":{"line":23,"column":6},"end":{"line":23,"column":21}},"locations":[{"start":{"line":23,"column":6},"end":{"line":23,"column":21}}]},"8":{"type":"branch","line":24,"loc":{"start":{"line":24,"column":6},"end":{"line":25,"column":22}},"locations":[{"start":{"line":24,"column":6},"end":{"line":25,"column":22}}]},"9":{"type":"branch","line":26,"loc":{"start":{"line":26,"column":6},"end":{"line":26,"column":18}},"locations":[{"start":{"line":26,"column":6},"end":{"line":26,"column":18}}]},"10":{"type":"branch","line":27,"loc":{"start":{"line":27,"column":6},"end":{"line":27,"column":21}},"locations":[{"start":{"line":27,"column":6},"end":{"line":27,"column":21}}]},"11":{"type":"branch","line":28,"loc":{"start":{"line":28,"column":6},"end":{"line":29,"column":21}},"locations":[{"start":{"line":28,"column":6},"end":{"line":29,"column":21}}]},"12":{"type":"branch","line":33,"loc":{"start":{"line":33,"column":28},"end":{"line":46,"column":3}},"locations":[{"start":{"line":33,"column":28},"end":{"line":46,"column":3}}]},"13":{"type":"branch","line":35,"loc":{"start":{"line":35,"column":6},"end":{"line":36,"column":43}},"locations":[{"start":{"line":35,"column":6},"end":{"line":36,"column":43}}]},"14":{"type":"branch","line":37,"loc":{"start":{"line":37,"column":6},"end":{"line":38,"column":43}},"locations":[{"start":{"line":37,"column":6},"end":{"line":38,"column":43}}]},"15":{"type":"branch","line":39,"loc":{"start":{"line":39,"column":6},"end":{"line":40,"column":41}},"locations":[{"start":{"line":39,"column":6},"end":{"line":40,"column":41}}]},"16":{"type":"branch","line":41,"loc":{"start":{"line":41,"column":6},"end":{"line":41,"column":18}},"locations":[{"start":{"line":41,"column":6},"end":{"line":41,"column":18}}]},"17":{"type":"branch","line":42,"loc":{"start":{"line":42,"column":6},"end":{"line":42,"column":21}},"locations":[{"start":{"line":42,"column":6},"end":{"line":42,"column":21}}]},"18":{"type":"branch","line":43,"loc":{"start":{"line":43,"column":6},"end":{"line":44,"column":40}},"locations":[{"start":{"line":43,"column":6},"end":{"line":44,"column":40}}]}},"b":{"0":[7],"1":[3],"2":[4],"3":[3],"4":[4],"5":[7],"6":[3],"7":[1],"8":[2],"9":[2],"10":[2],"11":[2],"12":[7],"13":[3],"14":[1],"15":[1],"16":[2],"17":[2],"18":[2]},"fnMap":{"0":{"name":"Toast","decl":{"start":{"line":12,"column":43},"end":{"line":75,"column":1}},"loc":{"start":{"line":12,"column":43},"end":{"line":75,"column":1}},"line":12},"1":{"name":"getIconName","decl":{"start":{"line":19,"column":22},"end":{"line":31,"column":3}},"loc":{"start":{"line":19,"column":22},"end":{"line":31,"column":3}},"line":19},"2":{"name":"getIconColorClass","decl":{"start":{"line":33,"column":28},"end":{"line":46,"column":3}},"loc":{"start":{"line":33,"column":28},"end":{"line":46,"column":3}},"line":33}},"f":{"0":7,"1":7,"2":7}}
,"/Users/ashika/Documents/SOW Creator/src/components/organisms/DataTable/DataTable.tsx": {"path":"/Users/ashika/Documents/SOW Creator/src/components/organisms/DataTable/DataTable.tsx","all":false,"statementMap":{"8":{"start":{"line":9,"column":0},"end":{"line":9,"column":48}},"9":{"start":{"line":10,"column":0},"end":{"line":10,"column":50}},"10":{"start":{"line":11,"column":0},"end":{"line":11,"column":46}},"11":{"start":{"line":12,"column":0},"end":{"line":12,"column":60}},"14":{"start":{"line":15,"column":0},"end":{"line":15,"column":62}},"15":{"start":{"line":16,"column":0},"end":{"line":16,"column":7}},"16":{"start":{"line":17,"column":0},"end":{"line":17,"column":10}},"17":{"start":{"line":18,"column":0},"end":{"line":18,"column":15}},"18":{"start":{"line":19,"column":0},"end":{"line":19,"column":20}},"19":{"start":{"line":20,"column":0},"end":{"line":20,"column":17}},"20":{"start":{"line":21,"column":0},"end":{"line":21,"column":23}},"21":{"start":{"line":22,"column":0},"end":{"line":22,"column":52}},"22":{"start":{"line":23,"column":0},"end":{"line":23,"column":61}},"23":{"start":{"line":24,"column":0},"end":{"line":24,"column":67}},"24":{"start":{"line":25,"column":0},"end":{"line":25,"column":51}},"26":{"start":{"line":27,"column":0},"end":{"line":27,"column":38}},"27":{"start":{"line":28,"column":0},"end":{"line":28,"column":33}},"28":{"start":{"line":29,"column":0},"end":{"line":29,"column":43}},"29":{"start":{"line":30,"column":0},"end":{"line":30,"column":31}},"30":{"start":{"line":31,"column":0},"end":{"line":31,"column":38}},"31":{"start":{"line":32,"column":0},"end":{"line":32,"column":25}},"32":{"start":{"line":33,"column":0},"end":{"line":33,"column":24}},"33":{"start":{"line":34,"column":0},"end":{"line":34,"column":26}},"34":{"start":{"line":35,"column":0},"end":{"line":35,"column":7}},"35":{"start":{"line":36,"column":0},"end":{"line":36,"column":5}},"36":{"start":{"line":37,"column":0},"end":{"line":37,"column":25}},"38":{"start":{"line":39,"column":0},"end":{"line":39,"column":36}},"39":{"start":{"line":40,"column":0},"end":{"line":40,"column":37}},"40":{"start":{"line":41,"column":0},"end":{"line":41,"column":45}},"41":{"start":{"line":42,"column":0},"end":{"line":42,"column":43}},"42":{"start":{"line":43,"column":0},"end":{"line":43,"column":43}},"43":{"start":{"line":44,"column":0},"end":{"line":44,"column":58}},"44":{"start":{"line":45,"column":0},"end":{"line":45,"column":58}},"45":{"start":{"line":46,"column":0},"end":{"line":46,"column":14}},"46":{"start":{"line":47,"column":0},"end":{"line":47,"column":6}},"47":{"start":{"line":48,"column":0},"end":{"line":48,"column":40}},"49":{"start":{"line":50,"column":0},"end":{"line":50,"column":73}},"50":{"start":{"line":51,"column":0},"end":{"line":51,"column":39}},"51":{"start":{"line":52,"column":0},"end":{"line":52,"column":46}},"52":{"start":{"line":53,"column":0},"end":{"line":53,"column":52}},"53":{"start":{"line":54,"column":0},"end":{"line":54,"column":41}},"55":{"start":{"line":56,"column":0},"end":{"line":56,"column":45}},"56":{"start":{"line":57,"column":0},"end":{"line":57,"column":32}},"57":{"start":{"line":58,"column":0},"end":{"line":58,"column":33}},"58":{"start":{"line":59,"column":0},"end":{"line":59,"column":51}},"59":{"start":{"line":60,"column":0},"end":{"line":60,"column":27}},"60":{"start":{"line":61,"column":0},"end":{"line":61,"column":12}},"61":{"start":{"line":62,"column":0},"end":{"line":62,"column":28}},"62":{"start":{"line":63,"column":0},"end":{"line":63,"column":25}},"63":{"start":{"line":64,"column":0},"end":{"line":64,"column":5}},"64":{"start":{"line":65,"column":0},"end":{"line":65,"column":3}},"66":{"start":{"line":67,"column":0},"end":{"line":67,"column":10}},"67":{"start":{"line":68,"column":0},"end":{"line":68,"column":8}},"68":{"start":{"line":69,"column":0},"end":{"line":69,"column":162}},"70":{"start":{"line":71,"column":0},"end":{"line":71,"column":21}},"71":{"start":{"line":72,"column":0},"end":{"line":72,"column":108}},"72":{"start":{"line":73,"column":0},"end":{"line":73,"column":20}},"73":{"start":{"line":74,"column":0},"end":{"line":74,"column":43}},"74":{"start":{"line":75,"column":0},"end":{"line":75,"column":31}},"75":{"start":{"line":76,"column":0},"end":{"line":76,"column":30}},"76":{"start":{"line":77,"column":0},"end":{"line":77,"column":44}},"77":{"start":{"line":78,"column":0},"end":{"line":78,"column":31}},"78":{"start":{"line":79,"column":0},"end":{"line":79,"column":14}},"79":{"start":{"line":80,"column":0},"end":{"line":80,"column":12}},"80":{"start":{"line":81,"column":0},"end":{"line":81,"column":85}},"81":{"start":{"line":82,"column":0},"end":{"line":82,"column":45}},"82":{"start":{"line":83,"column":0},"end":{"line":83,"column":17}},"83":{"start":{"line":84,"column":0},"end":{"line":84,"column":14}},"84":{"start":{"line":85,"column":0},"end":{"line":85,"column":15}},"86":{"start":{"line":87,"column":0},"end":{"line":87,"column":39}},"87":{"start":{"line":88,"column":0},"end":{"line":88,"column":95}},"88":{"start":{"line":89,"column":0},"end":{"line":89,"column":156}},"89":{"start":{"line":90,"column":0},"end":{"line":90,"column":16}},"90":{"start":{"line":91,"column":0},"end":{"line":91,"column":37}},"91":{"start":{"line":92,"column":0},"end":{"line":92,"column":19}},"92":{"start":{"line":93,"column":0},"end":{"line":93,"column":31}},"93":{"start":{"line":94,"column":0},"end":{"line":94,"column":49}},"94":{"start":{"line":95,"column":0},"end":{"line":95,"column":56}},"95":{"start":{"line":96,"column":0},"end":{"line":96,"column":101}},"96":{"start":{"line":97,"column":0},"end":{"line":97,"column":21}},"98":{"start":{"line":99,"column":0},"end":{"line":99,"column":61}},"99":{"start":{"line":100,"column":0},"end":{"line":100,"column":45}},"100":{"start":{"line":101,"column":0},"end":{"line":101,"column":37}},"101":{"start":{"line":102,"column":0},"end":{"line":102,"column":68}},"102":{"start":{"line":103,"column":0},"end":{"line":103,"column":48}},"103":{"start":{"line":104,"column":0},"end":{"line":104,"column":49}},"104":{"start":{"line":105,"column":0},"end":{"line":105,"column":62}},"106":{"start":{"line":107,"column":0},"end":{"line":107,"column":64}},"109":{"start":{"line":110,"column":0},"end":{"line":110,"column":83}},"111":{"start":{"line":112,"column":0},"end":{"line":112,"column":29}},"112":{"start":{"line":113,"column":0},"end":{"line":113,"column":29}},"113":{"start":{"line":114,"column":0},"end":{"line":114,"column":24}},"114":{"start":{"line":115,"column":0},"end":{"line":115,"column":21}},"115":{"start":{"line":116,"column":0},"end":{"line":116,"column":17}},"116":{"start":{"line":117,"column":0},"end":{"line":117,"column":17}},"117":{"start":{"line":118,"column":0},"end":{"line":118,"column":18}},"118":{"start":{"line":119,"column":0},"end":{"line":119,"column":68}},"119":{"start":{"line":120,"column":0},"end":{"line":120,"column":41}},"120":{"start":{"line":121,"column":0},"end":{"line":121,"column":47}},"121":{"start":{"line":122,"column":0},"end":{"line":122,"column":19}},"122":{"start":{"line":123,"column":0},"end":{"line":123,"column":27}},"123":{"start":{"line":124,"column":0},"end":{"line":124,"column":74}},"125":{"start":{"line":126,"column":0},"end":{"line":126,"column":41}},"126":{"start":{"line":127,"column":0},"end":{"line":127,"column":68}},"127":{"start":{"line":128,"column":0},"end":{"line":128,"column":88}},"128":{"start":{"line":129,"column":0},"end":{"line":129,"column":25}},"129":{"start":{"line":130,"column":0},"end":{"line":130,"column":21}},"130":{"start":{"line":131,"column":0},"end":{"line":131,"column":21}},"131":{"start":{"line":132,"column":0},"end":{"line":132,"column":16}},"133":{"start":{"line":134,"column":0},"end":{"line":134,"column":18}},"134":{"start":{"line":135,"column":0},"end":{"line":135,"column":19}},"135":{"start":{"line":136,"column":0},"end":{"line":136,"column":42}},"136":{"start":{"line":137,"column":0},"end":{"line":137,"column":87}},"137":{"start":{"line":138,"column":0},"end":{"line":138,"column":17}},"139":{"start":{"line":140,"column":0},"end":{"line":140,"column":21}},"140":{"start":{"line":141,"column":0},"end":{"line":141,"column":19}},"142":{"start":{"line":143,"column":0},"end":{"line":143,"column":18}},"143":{"start":{"line":144,"column":0},"end":{"line":144,"column":16}},"144":{"start":{"line":145,"column":0},"end":{"line":145,"column":12}},"146":{"start":{"line":147,"column":0},"end":{"line":147,"column":162}},"147":{"start":{"line":148,"column":0},"end":{"line":148,"column":14}},"148":{"start":{"line":149,"column":0},"end":{"line":149,"column":44}},"149":{"start":{"line":150,"column":0},"end":{"line":150,"column":15}},"150":{"start":{"line":151,"column":0},"end":{"line":151,"column":49}},"151":{"start":{"line":152,"column":0},"end":{"line":152,"column":17}},"152":{"start":{"line":153,"column":0},"end":{"line":153,"column":31}},"153":{"start":{"line":154,"column":0},"end":{"line":154,"column":21}},"154":{"start":{"line":155,"column":0},"end":{"line":155,"column":40}},"155":{"start":{"line":156,"column":0},"end":{"line":156,"column":69}},"156":{"start":{"line":157,"column":0},"end":{"line":157,"column":38}},
[...]
t":{"line":26,"column":0},"end":{"line":26,"column":169}},"27":{"start":{"line":28,"column":0},"end":{"line":28,"column":47}},"28":{"start":{"line":29,"column":0},"end":{"line":29,"column":112}},"29":{"start":{"line":30,"column":0},"end":{"line":30,"column":89}},"30":{"start":{"line":31,"column":0},"end":{"line":31,"column":32}},"31":{"start":{"line":32,"column":0},"end":{"line":32,"column":12}},"33":{"start":{"line":34,"column":0},"end":{"line":34,"column":59}},"34":{"start":{"line":35,"column":0},"end":{"line":35,"column":35}},"35":{"start":{"line":36,"column":0},"end":{"line":36,"column":14}},"36":{"start":{"line":37,"column":0},"end":{"line":37,"column":30}},"37":{"start":{"line":38,"column":0},"end":{"line":38,"column":30}},"38":{"start":{"line":39,"column":0},"end":{"line":39,"column":107}},"39":{"start":{"line":40,"column":0},"end":{"line":40,"column":27}},"40":{"start":{"line":41,"column":0},"end":{"line":41,"column":71}},"41":{"start":{"line":42,"column":0},"end":{"line":42,"column":110}},"42":{"start":{"line":43,"column":0},"end":{"line":43,"column":17}},"44":{"start":{"line":45,"column":0},"end":{"line":45,"column":26}},"45":{"start":{"line":46,"column":0},"end":{"line":46,"column":16}},"46":{"start":{"line":47,"column":0},"end":{"line":47,"column":13}},"47":{"start":{"line":48,"column":0},"end":{"line":48,"column":14}},"48":{"start":{"line":49,"column":0},"end":{"line":49,"column":12}},"50":{"start":{"line":51,"column":0},"end":{"line":51,"column":58}},"51":{"start":{"line":52,"column":0},"end":{"line":52,"column":74}},"52":{"start":{"line":53,"column":0},"end":{"line":53,"column":12}},"54":{"start":{"line":55,"column":0},"end":{"line":55,"column":47}},"55":{"start":{"line":56,"column":0},"end":{"line":56,"column":23}},"56":{"start":{"line":57,"column":0},"end":{"line":57,"column":52}},"57":{"start":{"line":58,"column":0},"end":{"line":58,"column":12}},"58":{"start":{"line":59,"column":0},"end":{"line":59,"column":13}},"60":{"start":{"line":61,"column":0},"end":{"line":61,"column":1}}},"s":{"7":1,"8":1,"9":1,"10":1,"13":1,"14":2,"15":2,"16":2,"17":2,"18":2,"19":2,"20":2,"21":2,"22":2,"23":2,"24":2,"25":2,"27":2,"28":2,"29":2,"30":2,"31":2,"33":2,"34":2,"35":6,"36":6,"37":6,"38":6,"39":6,"40":2,"41":4,"42":6,"44":6,"45":6,"46":2,"47":2,"48":2,"50":2,"51":2,"52":2,"54":2,"55":2,"56":2,"57":2,"58":2,"60":2},"branchMap":{"0":{"type":"branch","line":14,"loc":{"start":{"line":14,"column":53},"end":{"line":61,"column":1}},"locations":[{"start":{"line":14,"column":53},"end":{"line":61,"column":1}}]},"1":{"type":"branch","line":35,"loc":{"start":{"line":35,"column":24},"end":{"line":46,"column":16}},"locations":[{"start":{"line":35,"column":24},"end":{"line":46,"column":16}}]},"2":{"type":"branch","line":40,"loc":{"start":{"line":40,"column":21},"end":{"line":41,"column":71}},"locations":[{"start":{"line":40,"column":21},"end":{"line":41,"column":71}}]},"3":{"type":"branch","line":41,"loc":{"start":{"line":41,"column":20},"end":{"line":42,"column":110}},"locations":[{"start":{"line":41,"column":20},"end":{"line":42,"column":110}}]}},"b":{"0":[2],"1":[6],"2":[2],"3":[4]},"fnMap":{"0":{"name":"SiteHeader","decl":{"start":{"line":14,"column":53},"end":{"line":61,"column":1}},"loc":{"start":{"line":14,"column":53},"end":{"line":61,"column":1}},"line":14}},"f":{"0":2}}
,"/Users/ashika/Documents/SOW Creator/src/components/templates/AppShell/AppShell.tsx": {"path":"/Users/ashika/Documents/SOW Creator/src/components/templates/AppShell/AppShell.tsx","all":false,"statementMap":{"9":{"start":{"line":10,"column":0},"end":{"line":10,"column":51}},"10":{"start":{"line":11,"column":0},"end":{"line":11,"column":9}},"11":{"start":{"line":12,"column":0},"end":{"line":12,"column":10}},"12":{"start":{"line":13,"column":0},"end":{"line":13,"column":7}},"13":{"start":{"line":14,"column":0},"end":{"line":14,"column":11}},"14":{"start":{"line":15,"column":0},"end":{"line":15,"column":27}},"15":{"start":{"line":16,"column":0},"end":{"line":16,"column":22}},"16":{"start":{"line":17,"column":0},"end":{"line":17,"column":17}},"17":{"start":{"line":18,"column":0},"end":{"line":18,"column":7}},"18":{"start":{"line":19,"column":0},"end":{"line":19,"column":10}},"19":{"start":{"line":20,"column":0},"end":{"line":20,"column":113}},"20":{"start":{"line":21,"column":0},"end":{"line":21,"column":73}},"22":{"start":{"line":23,"column":0},"end":{"line":23,"column":54}},"23":{"start":{"line":24,"column":0},"end":{"line":24,"column":20}},"24":{"start":{"line":25,"column":0},"end":{"line":25,"column":16}},"25":{"start":{"line":26,"column":0},"end":{"line":26,"column":43}},"26":{"start":{"line":27,"column":0},"end":{"line":27,"column":126}},"27":{"start":{"line":28,"column":0},"end":{"line":28,"column":57}},"28":{"start":{"line":29,"column":0},"end":{"line":29,"column":15}},"30":{"start":{"line":31,"column":0},"end":{"line":31,"column":21}},"31":{"start":{"line":32,"column":0},"end":{"line":32,"column":18}},"32":{"start":{"line":33,"column":0},"end":{"line":33,"column":17}},"34":{"start":{"line":35,"column":0},"end":{"line":35,"column":108}},"35":{"start":{"line":36,"column":0},"end":{"line":36,"column":16}},"36":{"start":{"line":37,"column":0},"end":{"line":37,"column":15}},"38":{"start":{"line":39,"column":0},"end":{"line":39,"column":37}},"39":{"start":{"line":40,"column":0},"end":{"line":40,"column":16}},"40":{"start":{"line":41,"column":0},"end":{"line":41,"column":44}},"41":{"start":{"line":42,"column":0},"end":{"line":42,"column":143}},"43":{"start":{"line":44,"column":0},"end":{"line":44,"column":22}},"44":{"start":{"line":45,"column":0},"end":{"line":45,"column":18}},"45":{"start":{"line":46,"column":0},"end":{"line":46,"column":17}},"46":{"start":{"line":47,"column":0},"end":{"line":47,"column":12}},"47":{"start":{"line":48,"column":0},"end":{"line":48,"column":10}},"49":{"start":{"line":50,"column":0},"end":{"line":50,"column":1}}},"s":{"9":1,"10":3,"11":3,"12":3,"13":3,"14":3,"15":3,"16":3,"17":3,"18":3,"19":3,"20":3,"22":3,"23":3,"24":2,"25":2,"26":2,"27":2,"28":2,"30":2,"31":2,"32":1,"34":3,"35":3,"36":3,"38":3,"39":1,"40":1,"41":1,"43":1,"44":1,"45":2,"46":3,"47":3,"49":3},"branchMap":{"0":{"type":"branch","line":10,"loc":{"start":{"line":10,"column":49},"end":{"line":50,"column":1}},"locations":[{"start":{"line":10,"column":49},"end":{"line":50,"column":1}}]},"1":{"type":"branch","line":21,"loc":{"start":{"line":21,"column":7},"end":{"line":21,"column":68}},"locations":[{"start":{"line":21,"column":7},"end":{"line":21,"column":68}}]},"2":{"type":"branch","line":21,"loc":{"start":{"line":21,"column":59},"end":{"line":21,"column":73}},"locations":[{"start":{"line":21,"column":59},"end":{"line":21,"column":73}}]},"3":{"type":"branch","line":24,"loc":{"start":{"line":24,"column":9},"end":{"line":32,"column":18}},"locations":[{"start":{"line":24,"column":9},"end":{"line":32,"column":18}}]},"4":{"type":"branch","line":28,"loc":{"start":{"line":28,"column":14},"end":{"line":28,"column":46}},"locations":[{"start":{"line":28,"column":14},"end":{"line":28,"column":46}}]},"5":{"type":"branch","line":28,"loc":{"start":{"line":28,"column":33},"end":{"line":28,"column":57}},"locations":[{"start":{"line":28,"column":33},"end":{"line":28,"column":57}}]},"6":{"type":"branch","line":32,"loc":{"start":{"line":32,"column":10},"end":{"line":33,"column":17}},"locations":[{"start":{"line":32,"column":10},"end":{"line":33,"column":17}}]},"7":{"type":"branch","line":39,"loc":{"start":{"line":39,"column":9},"end":{"line":39,"column":37}},"locations":[{"start":{"line":39,"column":9},"end":{"line":39,"column":37}}]},"8":{"type":"branch","line":39,"loc":{"start":{"line":39,"column":21},"end":{"line":45,"column":18}},"locations":[{"start":{"line":39,"column":21},"end":{"line":45,"column":18}}]},"9":{"type":"branch","line":45,"loc":{"start":{"line":45,"column":10},"end":{"line":46,"column":17}},"locations":[{"start":{"line":45,"column":10},"end":{"line":46,"column":17}}]}},"b":{"0":[3],"1":[1],"2":[2],"3":[2],"4":[1],"5":[1],"6":[1],"7":[2],"8":[1],"9":[2]},"fnMap":{"0":{"name":"AppShell","decl":{"start":{"line":10,"column":49},"end":{"line":50,"column":1}},"loc":{"start":{"line":10,"column":49},"end":{"line":50,"column":1}},"line":10}},"f":{"0":3}}
,"/Users/ashika/Documents/SOW Creator/src/contexts/ThemeContext.tsx": {"path":"/Users/ashika/Documents/SOW Creator/src/contexts/ThemeContext.tsx","all":false,"statementMap":{"2":{"start":{"line":3,"column":0},"end":{"line":3,"column":77}},"13":{"start":{"line":14,"column":0},"end":{"line":14,"column":75}},"15":{"start":{"line":16,"column":0},"end":{"line":16,"column":76}},"16":{"start":{"line":17,"column":0},"end":{"line":17,"column":58}},"17":{"start":{"line":18,"column":0},"end":{"line":18,"column":76}},"18":{"start":{"line":19,"column":0},"end":{"line":19,"column":47}},"20":{"start":{"line":21,"column":0},"end":{"line":21,"column":19}},"21":{"start":{"line":22,"column":0},"end":{"line":22,"column":9}},"22":{"start":{"line":23,"column":0},"end":{"line":23,"column":118}},"23":{"start":{"line":24,"column":0},"end":{"line":24,"column":75}},"24":{"start":{"line":25,"column":0},"end":{"line":25,"column":69}},"25":{"start":{"line":26,"column":0},"end":{"line":26,"column":31}},"26":{"start":{"line":27,"column":0},"end":{"line":27,"column":9}},"27":{"start":{"line":28,"column":0},"end":{"line":28,"column":7}},"28":{"start":{"line":29,"column":0},"end":{"line":29,"column":13}},"30":{"start":{"line":31,"column":0},"end":{"line":31,"column":5}},"31":{"start":{"line":32,"column":0},"end":{"line":32,"column":20}},"32":{"start":{"line":33,"column":0},"end":{"line":33,"column":8}},"34":{"start":{"line":35,"column":0},"end":{"line":35,"column":19}},"35":{"start":{"line":36,"column":0},"end":{"line":36,"column":24}},"37":{"start":{"line":38,"column":0},"end":{"line":38,"column":49}},"38":{"start":{"line":39,"column":0},"end":{"line":39,"column":63}},"39":{"start":{"line":40,"column":0},"end":{"line":40,"column":91}},"40":{"start":{"line":41,"column":0},"end":{"line":41,"column":7}},"41":{"start":{"line":42,"column":0},"end":{"line":42,"column":20}},"42":{"start":{"line":43,"column":0},"end":{"line":43,"column":5}},"44":{"start":{"line":45,"column":0},"end":{"line":45,"column":69}},"45":{"start":{"line":46,"column":0},"end":{"line":46,"column":33}},"46":{"start":{"line":47,"column":0},"end":{"line":47,"column":42}},"47":{"start":{"line":48,"column":0},"end":{"line":48,"column":70}},"48":{"start":{"line":49,"column":0},"end":{"line":49,"column":5}},"50":{"start":{"line":51,"column":0},"end":{"line":51,"column":9}},"51":{"start":{"line":52,"column":0},"end":{"line":52,"column":118}},"52":{"start":{"line":53,"column":0},"end":{"line":53,"column":51}},"53":{"start":{"line":54,"column":0},"end":{"line":54,"column":7}},"54":{"start":{"line":55,"column":0},"end":{"line":55,"column":13}},"56":{"start":{"line":57,"column":0},"end":{"line":57,"column":5}},"57":{"start":{"line":58,"column":0},"end":{"line":58,"column":22}},"59":{"start":{"line":60,"column":0},"end":{"line":60,"column":19}},"60":{"start":{"line":61,"column":0},"end":{"line":61,"column":89}},"62":{"start":{"line":63,"column":0},"end":{"line":63,"column":72}},"63":{"start":{"line":64,"column":0},"end":{"line":64,"column":54}},"64":{"start":{"line":65,"column":0},"end":{"line":65,"column":69}},"65":{"start":{"line":66,"column":0},"end":{"line":66,"column":35}},"66":{"start":{"line":67,"column":0},"end":{"line":67,"column":44}},"67":{"start":{"line":68,"column":0},"end":{"line":68,"column":72}},"68":{"start":{"line":69,"column":0},"end":{"line":69,"column":7}},"69":{"start":{"line":70,"column":0},"end":{"line":70,"column":5}},"71":{"start":{"line":72,"column":0},"end":{"line":72,"column":57}},"72":{"start":{"line":73,"column":0},"end":{"line":73,"column":73}},"73":{"start":{"line":74,"column":0},"end":{"line":74,"column":13}},"75":{"start":{"line":76,"column":0},"end":{"line":76,"column":41}},"76":{"start":{"line":77,"column":0},"end":{"line":77,"column":27}},"77":{"start":{"line":78,"column":0},"end":{"line":78,"column":3}},"79":{"start":{"line":80,"column":0},"end":{"line":80,"column":10}},"80":{"start":{"line":81,"column":0},"end":{"line":81,"column":70}},"81":{"start":{"line":82,"column":0},"end":{"line":82,"column":16}},"82":{"start":{"line":83,"column":0},"end":{"line":83,"column":28}},"84":{"start":{"line":85,"column":0},"end":{"line":85,"column":1}},"86":{"start":{"line":87,"column":0},"end":{"line":87,"column":46}},"87":{"start":{"line":88,"column":0},"end":{"line":88,"column":42}},"88":{"start":{"line":89,"column":0},"end":{"line":89,"column":17}},"89":{"start":{"line":90,"column":0},"end":{"line":90,"column":67}},"90":{"start":{"line":91,"column":0},"end":{"line":91,"column":3}},"91":{"start":{"line":92,"column":0},"end":{"line":92,"column":16}},"92":{"start":{"line":93,"column":0},"end":{"line":93,"column":1}}},"s":{"2":1,"13":1,"15":1,"16":31,"17":31,"18":31,"20":31,"21":6,"22":6,"23":6,"24":6,"25":2,"26":2,"27":6,"28":6,"30":0,"31":6,"32":31,"34":31,"35":18,"37":12,"38":8,"39":8,"40":8,"41":0,"42":8,"44":18,"45":18,"46":18,"47":12,"48":12,"50":12,"51":18,"52":12,"53":12,"54":18,"56":0,"57":31,"59":31,"60":12,"62":8,"63":8,"64":1,"65":1,"66":1,"67":1,"68":1,"69":1,"71":8,"72":12,"73":31,"75":31,"76":6,"77":6,"79":31,"80":31,"81":31,"82":31,"84":31,"86":1,"87":31,"88":31,"89":2,"90":2,"91":28,"92":28},"branchMap":{"0":{"type":"branch","line":16,"loc":{"start":{"line":16,"column":7},"end":{"line":85,"column":1}},"locations":[{"start":{"line":16,"column":7},"end":{"line":85,"column":1}}]},"1":{"type":"branch","line":21,"loc":{"start":{"line":21,"column":12},"end":{"line":33,"column":5}},"locations":[{"start":{"line":21,"column":12},"end":{"line":33,"column":5}}]},"2":{"type":"branch","line":25,"loc":{"start":{"line":25,"column":12},"end":{"line":25,"column":68}},"locations":[{"start":{"line":25,"column":12},"end":{"line":25,"column":68}}]},"3":{"type":"branch","line":25,"loc":{"start":{"line":25,"column":68},"end":{"line":27,"column":9}},"locations":[{"start":{"line":25,"column":68},"end":{"line":27,"column":9}}]},"4":{"type":"branch","line":29,"loc":{"start":{"line":29,"column":4},"end":{"line":31,"column":5}},"locations":[{"start":{"line":29,"column":4},"end":{"line":31,"column":5}}]},"5":{"type":"branch","line":35,"loc":{"start":{"line":35,"column":12},"end":{"line":58,"column":5}},"locations":[{"start":{"line":35,"column":12},"end":{"line":58,"column":5}}]},"6":{"type":"branch","line":36,"loc":{"start":{"line":36,"column":18},"end":{"line":45,"column":64}},"locations":[{"start":{"line":36,"column":18},"end":{"line":45,"column":64}}]},"7":{"type":"branch","line":36,"loc":{"start":{"line":36,"column":18},"end":{"line":36,"column":24}},"locations":[{"start":{"line":36,"column":18},"end":{"line":36,"column":24}}]},"8":{"type":"branch","line":36,"loc":{"start":{"line":36,"column":18},"end":{"line":45,"column":45}},"locations":[{"start":{"line":36,"column":18},"end":{"line":45,"column":45}}]},"9":{"type":"branch","line":45,"loc":{"start":{"line":45,"column":34},"end":{"line":45,"column":64}},"locations":[{"start":{"line":45,"column":34},"end":{"line":45,"column":64}}]},"10":{"type":"branch","line":45,"loc":{"start":{"line":45,"column":60},"end":{"line":45,"column":69}},"locations":[{"start":{"line":45,"column":60},"end":{"line":45,"column":69}}]},"11":{"type":"branch","line":47,"loc":{"start":{"line":47,"column":41},"end":{"line":52,"column":66}},"locations":[{"start":{"line":47,"column":41},"end":{"line":52,"column":66}}]},"12":{"type":"branch","line":52,"loc":{"start":{"line":52,"column":50},"end":{"line":52,"column":117}},"locations":[{"start":{"line":52,"column":50},"end":{"line":52,"column":117}}]},"13":{"type":"branch","line":52,"loc":{"start":{"line":52,"column":117},"end":{"line":54,"column":7}},"locations":[{"start":{"line":52,"column":117},"end":{"line":54,"column":7}}]},"14":{"type":"branch","line":55,"loc":{"start":{"line":55,"column":4},"end":{"line":57,"column":5}},"locations":[{"start":{"line":55,"column":4},"end":{"line":57,"column":5}}]},"15":{"type":"branch","line":38,"loc":{"start":{"line":38,"column":27},"end":{"line":43,"column":5}},"locations":[{"start":{"line":38,"column":27},"end":{"line":43,"column":5}}]},"16":{"type":"branch","line":40,"loc":{"start":{"line":40,"column":65},"end":{"line":40,"column":84}},"locations":[{"start":{"line":40,"column":65},"end":{"line":40,"column":84}}]},"17":{"type":"branch","line":41,"loc":{"start":{"line":41,"column":6},"end":{"line":42,"column":20}},"locations":[{"start":{"line":41,"column":6},"end":{"line":42,"column":20}}]},"18":{"type":"branch","line":60,"loc":{"start":{"line":60,"column":12},"end":{"line":74,"column":5}},"locations":[{"start":{"line":60,"column":12},"end":{"line":74,"column":5}}]},"19":{"type":"branch","line":61,"loc":{"start":{"line":61,"column":18},"end":{"line":61,"column":63}},"locations":[{"start":{"line":61,"column":18},"end":{"line":61,"column":63}}]},"20":{"type":"branch","line":61,"loc":{"start":{"line":61,"column":48},"end":{"line":61,"column":83}},"locations":[{"start":{"line":61,"column":48},"end":{"line":61,"column":83}}]},"21":{"type":"branch","line":61,"loc":{"start":{"line":61,"column":83},"end":{"line":72,"column":57}},"locations":[{"start":{"line":61,"column":83},"end":{"line":72,"column":57}}]},"22":{"type":"branch","line":61,"loc":{"start":{"line":61,"column":83},"end":{"line":61,"column":89}},"locations":[{"start":{"line":61,"column":83},"end":{"line":61,"column":89}}]},"23":{"type":"branch","line":64,"loc":{"start":{"line":64,"column":25},"end":{"line":70,"column":5}},"locations":[{"start":{"line":64,"column":25},"end":{"line":70,"column":5}}]},"24":{"type":"branch","line":65,"loc":{"start":{"line":65,"column":53},"end":{"line":65,"column":69}},"locations":[{"start":{"line":65,"column":53},"end":{"line":65,"column":69}}]},"25":{"type":"branch","line":73,"loc":{"start":{"line":73,"column":11},"end":{"line":73,"column":73}},"locations":[{"start":{"line":73,"column":11},"end":{"line":73,"column":73}}]},"26":{"type":"branch","line":76,"loc":{"start":{"line":76,"column":19},"end":{"line":78,"column":3}},"locations":[{"start":{"line":76,"column":19},"end":{"line":78,"column":3}}]},"27":{"type":"branch","line":87,"loc":{"start":{"line":87,"column":7},"end":{"line":93,"column":1}},"locations":[{"start":{"line":87,"column":7},"end":{"line":93,"column":1}}]},"28":{"type":"branch","line":89,"loc":{"start":{"line":89,"column":16},"end":{"line":91,"column":3}},"locations":[{"start":{"line":89,"column":16},"end":{"line":91,"column":3}}]},"29":{"type":"branch","line":91,"loc":{"start":{"line":91,"column":2},"end":{"line":93,"column":1}},"locations":[{"start":{"line":91,"column":2},"end":{"line":93,"column":1}}]}},"b":{"0":[31],"1":[6],"2":[2],"3":[2],"4":[0],"5":[18],"6":[14],"7":[6],"8":[12],"9":[8],"10":[4],"11":[12],"12":[12],"13":[12],"14":[0],"15":[8],"16":[0],"17":[0],"18":[12],"19":[8],"20":[8],"21":[8],"22":[4],"23":[1],"24":[0],"25":[8],"26":[6],"27":[31],"28":[2],"29":[28]},"fnMap":{"0":{"name":"ThemeProvider","decl":{"start":{"line":16,"column":7},"end":{"line":85,"column":1}},"loc":{"start":{"line":16,"column":7},"end":{"line":85,"column":1}},"line":16},"1":{"name":"getSystemTheme","decl":{"start":{"line":38,"column":27},"end":{"line":43,"column":5}},"loc":{"start":{"line":38,"column":27},"end":{"line":43,"column":5}},"line":38},"2":{"name":"handleChange","decl":{"start":{"line":64,"column":25},"end":{"line":70,"column":5}},"loc":{"start":{"line":64,"column":25},"end":{"line":70,"column":5}},"line":64},"3":{"name":"setTheme","decl":{"start":{"line":76,"column":19},"end":{"line":78,"column":3}},"loc":{"start":{"line":76,"column":19},"end":{"line":78,"column":3}},"line":76},"4":{"name":"useTheme","decl":{"start":{"line":87,"column":7},"end":{"line":93,"column":1}},"loc":{"start":{"line":87,"column":7},"end":{"line":93,"column":1}},"line":87}},"f":{"0":31,"1":8,"2":1,"3":6,"4":31}}
}
